TN:
SF:src\sentry.client.config.ts
FNF:0
FNH:0
DA:1,0
DA:3,0
LF:2
LH:0
BRDA:4,0,0,0
BRDA:4,0,1,0
BRF:2
BRH:0
end_of_record
TN:
SF:src\sentry.server.config.ts
FNF:0
FNH:0
DA:1,0
DA:3,0
LF:2
LH:0
BRDA:4,0,0,0
BRDA:4,0,1,0
BRDA:4,0,2,0
BRDA:5,1,0,0
BRDA:5,1,1,0
BRF:5
BRH:0
end_of_record
TN:
SF:src\app\client-layout.tsx
FN:11,ClientLayout
FN:12,(anonymous_2)
FNF:2
FNH:0
FNDA:0,ClientLayout
FNDA:0,(anonymous_2)
DA:3,0
DA:4,0
DA:5,0
DA:11,0
DA:12,0
DA:14,0
LF:6
LH:0
BRF:0
BRH:0
end_of_record
TN:
SF:src\app\not-found.tsx
FN:3,NotFound
FNF:1
FNH:0
FNDA:0,NotFound
DA:1,0
DA:3,0
DA:4,0
LF:3
LH:0
BRF:0
BRH:0
end_of_record
TN:
SF:src\app\page.tsx
FN:16,Page
FN:89,(anonymous_6)
FN:90,(anonymous_7)
FN:91,(anonymous_8)
FN:94,(anonymous_9)
FN:98,(anonymous_10)
FN:99,(anonymous_11)
FN:100,(anonymous_12)
FN:103,(anonymous_13)
FN:107,(anonymous_14)
FN:108,(anonymous_15)
FN:109,(anonymous_16)
FN:117,(anonymous_17)
FN:120,(anonymous_18)
FN:122,(anonymous_19)
FN:138,(anonymous_20)
FN:142,(anonymous_21)
FN:143,(anonymous_22)
FN:151,(anonymous_23)
FN:185,(anonymous_24)
FN:191,(anonymous_25)
FN:200,(anonymous_26)
FN:221,(anonymous_27)
FN:227,(anonymous_28)
FN:287,(anonymous_29)
FN:500,(anonymous_30)
FN:510,(anonymous_31)
FN:572,(anonymous_32)
FN:580,(anonymous_33)
FN:630,(anonymous_34)
FN:637,(anonymous_35)
FN:667,(anonymous_36)
FN:677,(anonymous_37)
FNF:33
FNH:0
FNDA:0,Page
FNDA:0,(anonymous_6)
FNDA:0,(anonymous_7)
FNDA:0,(anonymous_8)
FNDA:0,(anonymous_9)
FNDA:0,(anonymous_10)
FNDA:0,(anonymous_11)
FNDA:0,(anonymous_12)
FNDA:0,(anonymous_13)
FNDA:0,(anonymous_14)
FNDA:0,(anonymous_15)
FNDA:0,(anonymous_16)
FNDA:0,(anonymous_17)
FNDA:0,(anonymous_18)
FNDA:0,(anonymous_19)
FNDA:0,(anonymous_20)
FNDA:0,(anonymous_21)
FNDA:0,(anonymous_22)
FNDA:0,(anonymous_23)
FNDA:0,(anonymous_24)
FNDA:0,(anonymous_25)
FNDA:0,(anonymous_26)
FNDA:0,(anonymous_27)
FNDA:0,(anonymous_28)
FNDA:0,(anonymous_29)
FNDA:0,(anonymous_30)
FNDA:0,(anonymous_31)
FNDA:0,(anonymous_32)
FNDA:0,(anonymous_33)
FNDA:0,(anonymous_34)
FNDA:0,(anonymous_35)
FNDA:0,(anonymous_36)
FNDA:0,(anonymous_37)
DA:3,0
DA:4,0
DA:5,0
DA:6,0
DA:7,0
DA:8,0
DA:9,0
DA:10,0
DA:11,0
DA:12,0
DA:13,0
DA:14,0
DA:16,0
DA:17,0
DA:18,0
DA:19,0
DA:20,0
DA:21,0
DA:27,0
DA:28,0
DA:29,0
DA:30,0
DA:32,0
DA:48,0
DA:89,0
DA:90,0
DA:91,0
DA:94,0
DA:98,0
DA:99,0
DA:100,0
DA:103,0
DA:107,0
DA:108,0
DA:109,0
DA:117,0
DA:120,0
DA:121,0
DA:122,0
DA:123,0
DA:124,0
DA:125,0
DA:126,0
DA:127,0
DA:128,0
DA:129,0
DA:132,0
DA:135,0
DA:136,0
DA:137,0
DA:138,0
DA:142,0
DA:143,0
DA:144,0
DA:145,0
DA:148,0
DA:149,0
DA:150,0
DA:151,0
DA:185,0
DA:191,0
DA:200,0
DA:221,0
DA:227,0
DA:288,0
DA:501,0
DA:511,0
DA:512,0
DA:573,0
DA:581,0
DA:582,0
DA:631,0
DA:638,0
DA:668,0
DA:678,0
LF:75
LH:0
BRDA:91,0,0,0
BRDA:91,0,1,0
BRDA:100,1,0,0
BRDA:100,1,1,0
BRDA:112,2,0,0
BRDA:112,2,1,0
BRDA:123,3,0,0
BRDA:128,4,0,0
BRDA:128,5,0,0
BRDA:128,5,1,0
BRDA:135,6,0,0
BRDA:144,7,0,0
BRDA:148,8,0,0
BRDA:157,9,0,0
BRDA:157,9,1,0
BRDA:172,10,0,0
BRDA:172,10,1,0
BRDA:173,11,0,0
BRDA:173,11,1,0
BRDA:174,12,0,0
BRDA:174,12,1,0
BRDA:175,13,0,0
BRDA:175,13,1,0
BRDA:176,14,0,0
BRDA:176,14,1,0
BRDA:201,15,0,0
BRDA:206,16,0,0
BRDA:208,17,0,0
BRDA:208,17,1,0
BRDA:209,18,0,0
BRDA:209,18,1,0
BRDA:210,19,0,0
BRDA:210,19,1,0
BRDA:211,20,0,0
BRDA:211,20,1,0
BRDA:212,21,0,0
BRDA:212,21,1,0
BRDA:289,22,0,0
BRDA:289,22,1,0
BRDA:293,23,0,0
BRDA:293,23,1,0
BRF:41
BRH:0
end_of_record
TN:
SF:src\app\providers.tsx
FN:6,Providers
FN:7,(anonymous_5)
FN:11,(anonymous_6)
FN:17,(anonymous_7)
FN:26,(anonymous_8)
FNF:5
FNH:0
FNDA:0,Providers
FNDA:0,(anonymous_5)
FNDA:0,(anonymous_6)
FNDA:0,(anonymous_7)
FNDA:0,(anonymous_8)
DA:3,0
DA:4,0
DA:6,0
DA:7,0
DA:9,0
DA:11,0
DA:12,0
DA:13,0
DA:14,0
DA:17,0
DA:18,0
DA:19,0
DA:20,0
DA:23,0
DA:24,0
DA:26,0
DA:27,0
DA:28,0
LF:18
LH:0
BRDA:9,0,0,0
BRF:1
BRH:0
end_of_record
TN:
SF:src\app\viewport.ts
FNF:0
FNH:0
DA:3,0
LF:1
LH:0
BRF:0
BRH:0
end_of_record
TN:
SF:src\app\about\page.tsx
FN:8,AboutPage
FN:10,(anonymous_3)
FNF:2
FNH:0
FNDA:0,AboutPage
FNDA:0,(anonymous_3)
DA:3,0
DA:4,0
DA:5,0
DA:6,0
DA:8,0
DA:9,0
DA:10,0
DA:11,0
DA:12,0
DA:14,0
LF:10
LH:0
BRDA:11,0,0,0
BRDA:11,0,1,0
BRDA:11,1,0,0
BRDA:11,1,1,0
BRF:4
BRH:0
end_of_record
TN:
SF:src\app\admin\layout.tsx
FN:6,AdminLayout
FNF:1
FNH:0
FNDA:0,AdminLayout
DA:1,0
DA:6,0
LF:2
LH:0
BRF:0
BRH:0
end_of_record
TN:
SF:src\app\admin\convert-dependent-players\page.tsx
FN:32,ConvertDependentPlayersPage
FN:40,(anonymous_5)
FN:44,(anonymous_6)
FN:53,(anonymous_7)
FN:63,(anonymous_8)
FN:70,(anonymous_9)
FN:71,(anonymous_10)
FN:75,(anonymous_11)
FN:95,(anonymous_12)
FN:132,(anonymous_13)
FN:138,(anonymous_14)
FN:139,(anonymous_15)
FN:224,(anonymous_16)
FN:235,(anonymous_17)
FN:238,(anonymous_18)
FN:238,(anonymous_19)
FN:245,(anonymous_20)
FN:250,(anonymous_21)
FN:257,(anonymous_22)
FN:275,(anonymous_23)
FN:276,(anonymous_24)
FN:365,(anonymous_25)
FN:405,(anonymous_26)
FN:453,(anonymous_27)
FNF:24
FNH:0
FNDA:0,ConvertDependentPlayersPage
FNDA:0,(anonymous_5)
FNDA:0,(anonymous_6)
FNDA:0,(anonymous_7)
FNDA:0,(anonymous_8)
FNDA:0,(anonymous_9)
FNDA:0,(anonymous_10)
FNDA:0,(anonymous_11)
FNDA:0,(anonymous_12)
FNDA:0,(anonymous_13)
FNDA:0,(anonymous_14)
FNDA:0,(anonymous_15)
FNDA:0,(anonymous_16)
FNDA:0,(anonymous_17)
FNDA:0,(anonymous_18)
FNDA:0,(anonymous_19)
FNDA:0,(anonymous_20)
FNDA:0,(anonymous_21)
FNDA:0,(anonymous_22)
FNDA:0,(anonymous_23)
FNDA:0,(anonymous_24)
FNDA:0,(anonymous_25)
FNDA:0,(anonymous_26)
FNDA:0,(anonymous_27)
DA:3,0
DA:4,0
DA:5,0
DA:6,0
DA:7,0
DA:8,0
DA:9,0
DA:10,0
DA:11,0
DA:32,0
DA:33,0
DA:34,0
DA:35,0
DA:36,0
DA:37,0
DA:40,0
DA:41,0
DA:44,0
DA:45,0
DA:46,0
DA:47,0
DA:50,0
DA:51,0
DA:53,0
DA:54,0
DA:55,0
DA:56,0
DA:60,0
DA:61,0
DA:63,0
DA:64,0
DA:65,0
DA:66,0
DA:70,0
DA:71,0
DA:75,0
DA:76,0
DA:80,0
DA:81,0
DA:84,0
DA:85,0
DA:88,0
DA:89,0
DA:91,0
DA:95,0
DA:96,0
DA:98,0
DA:99,0
DA:101,0
DA:102,0
DA:105,0
DA:106,0
DA:107,0
DA:108,0
DA:109,0
DA:111,0
DA:112,0
DA:114,0
DA:132,0
DA:133,0
DA:134,0
DA:135,0
DA:138,0
DA:139,0
DA:141,0
DA:142,0
DA:145,0
DA:149,0
DA:151,0
DA:152,0
DA:156,0
DA:159,0
DA:160,0
DA:165,0
DA:168,0
DA:210,0
DA:211,0
DA:214,0
DA:215,0
DA:223,0
DA:224,0
DA:225,0
DA:230,0
DA:233,0
DA:234,0
DA:235,0
DA:236,0
DA:238,0
DA:243,0
DA:245,0
DA:247,0
DA:250,0
DA:251,0
DA:252,0
DA:253,0
DA:254,0
DA:257,0
DA:258,0
DA:259,0
DA:260,0
DA:261,0
DA:264,0
DA:275,0
DA:276,0
DA:366,0
DA:405,0
DA:454,0
LF:107
LH:0
BRDA:56,0,0,0
BRDA:66,1,0,0
BRDA:77,2,0,0
BRDA:77,2,1,0
BRDA:77,2,2,0
BRDA:77,2,3,0
BRDA:80,3,0,0
BRDA:80,3,1,0
BRDA:96,4,0,0
BRDA:96,4,1,0
BRDA:96,4,2,0
BRDA:97,5,0,0
BRDA:97,5,1,0
BRDA:97,6,0,0
BRDA:97,6,1,0
BRDA:101,7,0,0
BRDA:101,8,0,0
BRDA:101,8,1,0
BRDA:101,8,2,0
BRDA:106,9,0,0
BRDA:106,9,1,0
BRDA:107,10,0,0
BRDA:107,10,1,0
BRDA:108,11,0,0
BRDA:108,11,1,0
BRDA:109,12,0,0
BRDA:111,13,0,0
BRDA:111,13,1,0
BRDA:112,14,0,0
BRDA:112,14,1,0
BRDA:133,15,0,0
BRDA:151,16,0,0
BRDA:175,17,0,0
BRDA:175,17,1,0
BRDA:178,18,0,0
BRDA:178,18,1,0
BRDA:179,19,0,0
BRDA:179,19,1,0
BRDA:180,20,0,0
BRDA:180,20,1,0
BRDA:181,21,0,0
BRDA:181,21,1,0
BRDA:184,22,0,0
BRDA:184,22,1,0
BRDA:185,23,0,0
BRDA:185,23,1,0
BRDA:186,24,0,0
BRDA:186,24,1,0
BRDA:186,24,2,0
BRDA:187,25,0,0
BRDA:187,25,1,0
BRDA:187,25,2,0
BRDA:188,26,0,0
BRDA:188,26,1,0
BRDA:189,27,0,0
BRDA:189,27,1,0
BRDA:234,28,0,0
BRDA:234,28,1,0
BRDA:251,29,0,0
BRDA:252,30,0,0
BRDA:253,31,0,0
BRDA:258,32,0,0
BRDA:259,33,0,0
BRDA:260,34,0,0
BRDA:264,35,0,0
BRDA:379,36,0,0
BRDA:385,37,0,0
BRDA:396,38,0,0
BRDA:406,39,0,0
BRDA:406,39,1,0
BRDA:410,40,0,0
BRDA:415,41,0,0
BRDA:430,42,0,0
BRDA:440,43,0,0
BRDA:457,44,0,0
BRDA:457,44,1,0
BRDA:466,45,0,0
BRDA:467,46,0,0
BRDA:480,47,0,0
BRF:79
BRH:0
end_of_record
TN:
SF:src\app\admin\fix-players-names\page.tsx
FN:18,FixPlayersNamesPage
FN:23,(anonymous_2)
FN:128,(anonymous_3)
FNF:3
FNH:0
FNDA:0,FixPlayersNamesPage
FNDA:0,(anonymous_2)
FNDA:0,(anonymous_3)
DA:3,0
DA:4,0
DA:5,0
DA:6,0
DA:7,0
DA:8,0
DA:18,0
DA:19,0
DA:20,0
DA:21,0
DA:23,0
DA:24,0
DA:25,0
DA:26,0
DA:27,0
DA:28,0
DA:30,0
DA:31,0
DA:32,0
DA:33,0
DA:34,0
DA:36,0
DA:37,0
DA:39,0
DA:40,0
DA:43,0
DA:44,0
DA:45,0
DA:48,0
DA:49,0
DA:50,0
DA:55,0
DA:56,0
DA:57,0
DA:58,0
DA:59,0
DA:63,0
DA:71,0
DA:80,0
DA:89,0
DA:98,0
DA:99,0
DA:101,0
DA:103,0
DA:129,0
LF:45
LH:0
BRDA:34,0,0,0
BRDA:34,0,1,0
BRDA:34,0,2,0
BRDA:39,1,0,0
BRDA:39,1,1,0
BRDA:44,2,0,0
BRDA:44,2,1,0
BRDA:49,3,0,0
BRDA:55,4,0,0
BRDA:55,4,1,0
BRDA:56,5,0,0
BRDA:56,5,1,0
BRDA:56,5,2,0
BRDA:57,6,0,0
BRDA:57,6,1,0
BRDA:57,7,0,0
BRDA:57,7,1,0
BRDA:76,8,0,0
BRDA:76,8,1,0
BRDA:101,9,0,0
BRDA:101,9,1,0
BRDA:122,10,0,0
BRDA:122,10,1,0
BRDA:124,11,0,0
BRDA:129,12,0,0
BRDA:129,12,1,0
BRDA:129,13,0,0
BRDA:129,13,1,0
BRDA:130,14,0,0
BRDA:131,15,0,0
BRDA:132,16,0,0
BRF:31
BRH:0
end_of_record
TN:
SF:src\app\admin\generate-invite-codes\page.tsx
FN:44,GenerateInviteCodesPage
FN:54,(anonymous_5)
FN:58,(anonymous_6)
FN:65,(anonymous_7)
FN:73,(anonymous_8)
FN:80,(anonymous_9)
FN:81,(anonymous_10)
FN:84,(anonymous_11)
FN:101,(anonymous_12)
FN:126,(anonymous_13)
FN:135,(anonymous_14)
FN:146,(anonymous_15)
FN:175,(anonymous_16)
FN:187,(anonymous_17)
FN:192,(anonymous_18)
FN:193,(anonymous_19)
FN:195,(anonymous_20)
FN:200,(anonymous_21)
FN:201,(anonymous_22)
FN:205,(anonymous_23)
FN:210,(anonymous_24)
FN:271,(anonymous_25)
FN:307,(anonymous_26)
FN:315,(anonymous_27)
FN:409,(anonymous_28)
FN:423,(anonymous_29)
FN:436,(anonymous_30)
FN:452,(anonymous_31)
FN:453,(anonymous_32)
FNF:29
FNH:0
FNDA:0,GenerateInviteCodesPage
FNDA:0,(anonymous_5)
FNDA:0,(anonymous_6)
FNDA:0,(anonymous_7)
FNDA:0,(anonymous_8)
FNDA:0,(anonymous_9)
FNDA:0,(anonymous_10)
FNDA:0,(anonymous_11)
FNDA:0,(anonymous_12)
FNDA:0,(anonymous_13)
FNDA:0,(anonymous_14)
FNDA:0,(anonymous_15)
FNDA:0,(anonymous_16)
FNDA:0,(anonymous_17)
FNDA:0,(anonymous_18)
FNDA:0,(anonymous_19)
FNDA:0,(anonymous_20)
FNDA:0,(anonymous_21)
FNDA:0,(anonymous_22)
FNDA:0,(anonymous_23)
FNDA:0,(anonymous_24)
FNDA:0,(anonymous_25)
FNDA:0,(anonymous_26)
FNDA:0,(anonymous_27)
FNDA:0,(anonymous_28)
FNDA:0,(anonymous_29)
FNDA:0,(anonymous_30)
FNDA:0,(anonymous_31)
FNDA:0,(anonymous_32)
DA:3,0
DA:4,0
DA:5,0
DA:6,0
DA:7,0
DA:8,0
DA:9,0
DA:11,0
DA:12,0
DA:13,0
DA:14,0
DA:44,0
DA:45,0
DA:46,0
DA:47,0
DA:48,0
DA:49,0
DA:50,0
DA:51,0
DA:52,0
DA:54,0
DA:55,0
DA:58,0
DA:59,0
DA:60,0
DA:61,0
DA:64,0
DA:65,0
DA:66,0
DA:67,0
DA:68,0
DA:72,0
DA:73,0
DA:74,0
DA:75,0
DA:76,0
DA:80,0
DA:81,0
DA:84,0
DA:85,0
DA:89,0
DA:92,0
DA:94,0
DA:95,0
DA:97,0
DA:101,0
DA:102,0
DA:104,0
DA:106,0
DA:107,0
DA:108,0
DA:109,0
DA:110,0
DA:112,0
DA:126,0
DA:127,0
DA:128,0
DA:129,0
DA:130,0
DA:132,0
DA:135,0
DA:136,0
DA:137,0
DA:138,0
DA:141,0
DA:142,0
DA:143,0
DA:145,0
DA:146,0
DA:147,0
DA:149,0
DA:150,0
DA:152,0
DA:167,0
DA:169,0
DA:175,0
DA:176,0
DA:177,0
DA:180,0
DA:181,0
DA:183,0
DA:187,0
DA:188,0
DA:189,0
DA:192,0
DA:193,0
DA:194,0
DA:195,0
DA:200,0
DA:201,0
DA:202,0
DA:205,0
DA:206,0
DA:210,0
DA:211,0
DA:214,0
DA:220,0
DA:223,0
DA:271,0
DA:308,0
DA:315,0
DA:410,0
DA:423,0
DA:436,0
DA:453,0
DA:454,0
DA:456,0
LF:107
LH:0
BRDA:68,0,0,0
BRDA:76,1,0,0
BRDA:86,2,0,0
BRDA:86,2,1,0
BRDA:86,2,2,0
BRDA:86,2,3,0
BRDA:102,3,0,0
BRDA:102,3,1,0
BRDA:102,3,2,0
BRDA:104,4,0,0
BRDA:107,5,0,0
BRDA:107,5,1,0
BRDA:108,6,0,0
BRDA:108,6,1,0
BRDA:109,7,0,0
BRDA:109,7,1,0
BRDA:110,8,0,0
BRDA:136,9,0,0
BRDA:147,10,0,0
BRDA:155,11,0,0
BRDA:155,11,1,0
BRDA:194,12,0,0
BRDA:194,12,1,0
BRDA:211,13,0,0
BRDA:211,13,1,0
BRDA:214,14,0,0
BRDA:214,14,1,0
BRDA:214,14,2,0
BRDA:214,14,3,0
BRDA:214,14,4,0
BRDA:214,14,5,0
BRDA:214,14,6,0
BRDA:214,14,7,0
BRDA:214,14,8,0
BRDA:220,15,0,0
BRDA:220,15,1,0
BRDA:223,16,0,0
BRDA:311,17,0,0
BRDA:311,17,1,0
BRDA:320,18,0,0
BRDA:320,18,1,0
BRDA:324,19,0,0
BRDA:331,20,0,0
BRDA:347,21,0,0
BRDA:379,22,0,0
BRDA:379,22,1,0
BRDA:383,23,0,0
BRDA:399,24,0,0
BRF:48
BRH:0
end_of_record
TN:
SF:src\app\admin\login\page.tsx
FN:39,AdminLoginPage
FN:55,(anonymous_3)
FN:56,(anonymous_4)
FN:59,(anonymous_5)
FN:63,(anonymous_6)
FN:68,(anonymous_7)
FN:83,(anonymous_8)
FN:102,(anonymous_9)
FN:130,(anonymous_10)
FN:206,(anonymous_11)
FN:241,(anonymous_12)
FN:251,(anonymous_13)
FN:259,(anonymous_14)
FN:366,(anonymous_15)
FN:375,(anonymous_16)
FN:441,(anonymous_17)
FN:460,(anonymous_18)
FN:470,(anonymous_19)
FN:570,(anonymous_20)
FN:571,(anonymous_21)
FNF:20
FNH:0
FNDA:0,AdminLoginPage
FNDA:0,(anonymous_3)
FNDA:0,(anonymous_4)
FNDA:0,(anonymous_5)
FNDA:0,(anonymous_6)
FNDA:0,(anonymous_7)
FNDA:0,(anonymous_8)
FNDA:0,(anonymous_9)
FNDA:0,(anonymous_10)
FNDA:0,(anonymous_11)
FNDA:0,(anonymous_12)
FNDA:0,(anonymous_13)
FNDA:0,(anonymous_14)
FNDA:0,(anonymous_15)
FNDA:0,(anonymous_16)
FNDA:0,(anonymous_17)
FNDA:0,(anonymous_18)
FNDA:0,(anonymous_19)
FNDA:0,(anonymous_20)
FNDA:0,(anonymous_21)
DA:3,0
DA:4,0
DA:26,0
DA:27,0
DA:28,0
DA:29,0
DA:30,0
DA:31,0
DA:32,0
DA:33,0
DA:34,0
DA:35,0
DA:36,0
DA:37,0
DA:39,0
DA:40,0
DA:41,0
DA:42,0
DA:43,0
DA:44,0
DA:45,0
DA:46,0
DA:47,0
DA:48,0
DA:49,0
DA:50,0
DA:51,0
DA:52,0
DA:55,0
DA:56,0
DA:57,0
DA:59,0
DA:63,0
DA:64,0
DA:65,0
DA:68,0
DA:69,0
DA:71,0
DA:77,0
DA:79,0
DA:83,0
DA:84,0
DA:86,0
DA:96,0
DA:98,0
DA:102,0
DA:103,0
DA:105,0
DA:118,0
DA:121,0
DA:122,0
DA:125,0
DA:130,0
DA:131,0
DA:132,0
DA:133,0
DA:134,0
DA:136,0
DA:138,0
DA:141,0
DA:142,0
DA:145,0
DA:146,0
DA:148,0
DA:149,0
DA:152,0
DA:155,0
DA:157,0
DA:158,0
DA:160,0
DA:161,0
DA:166,0
DA:169,0
DA:170,0
DA:171,0
DA:172,0
DA:177,0
DA:185,0
DA:188,0
DA:195,0
DA:196,0
DA:197,0
DA:199,0
DA:200,0
DA:203,0
DA:206,0
DA:207,0
DA:211,0
DA:214,0
DA:220,0
DA:222,0
DA:223,0
DA:224,0
DA:225,0
DA:226,0
DA:227,0
DA:228,0
DA:229,0
DA:230,0
DA:231,0
DA:234,0
DA:236,0
DA:241,0
DA:242,0
DA:243,0
DA:245,0
DA:246,0
DA:247,0
DA:251,0
DA:252,0
DA:259,0
DA:261,0
DA:262,0
DA:366,0
DA:375,0
DA:441,0
DA:460,0
DA:470,0
DA:570,0
DA:571,0
LF:120
LH:0
BRDA:102,0,0,0
BRDA:109,1,0,0
BRDA:109,1,1,0
BRDA:110,2,0,0
BRDA:110,2,1,0
BRDA:111,3,0,0
BRDA:111,3,1,0
BRDA:114,4,0,0
BRDA:114,4,1,0
BRDA:148,5,0,0
BRDA:155,6,0,0
BRDA:160,7,0,0
BRDA:170,8,0,0
BRDA:179,9,0,0
BRDA:179,9,1,0
BRDA:180,10,0,0
BRDA:180,10,1,0
BRDA:181,11,0,0
BRDA:181,11,1,0
BRDA:182,12,0,0
BRDA:182,12,1,0
BRDA:195,13,0,0
BRDA:195,13,1,0
BRDA:222,14,0,0
BRDA:222,14,1,0
BRDA:224,15,0,0
BRDA:224,15,1,0
BRDA:224,16,0,0
BRDA:224,16,1,0
BRDA:226,17,0,0
BRDA:226,17,1,0
BRDA:228,18,0,0
BRDA:228,18,1,0
BRDA:230,19,0,0
BRDA:245,20,0,0
BRDA:245,21,0,0
BRDA:245,21,1,0
BRDA:290,22,0,0
BRDA:334,23,0,0
BRDA:416,24,0,0
BRDA:423,25,0,0
BRDA:457,26,0,0
BRDA:457,26,1,0
BRDA:472,27,0,0
BRDA:498,28,0,0
BRF:45
BRH:0
end_of_record
TN:
SF:src\app\admin\login-advanced\page.tsx
FN:16,AdminLoginAdvancedPage
FN:27,(anonymous_2)
FN:30,(anonymous_3)
FN:34,(anonymous_4)
FN:39,(anonymous_5)
FN:47,(anonymous_6)
FN:50,(anonymous_7)
FN:70,(anonymous_8)
FN:73,(anonymous_9)
FN:78,(anonymous_10)
FN:142,(anonymous_11)
FN:168,(anonymous_12)
FN:233,(anonymous_13)
FN:249,(anonymous_14)
FN:256,(anonymous_15)
FN:297,(anonymous_16)
FNF:16
FNH:0
FNDA:0,AdminLoginAdvancedPage
FNDA:0,(anonymous_2)
FNDA:0,(anonymous_3)
FNDA:0,(anonymous_4)
FNDA:0,(anonymous_5)
FNDA:0,(anonymous_6)
FNDA:0,(anonymous_7)
FNDA:0,(anonymous_8)
FNDA:0,(anonymous_9)
FNDA:0,(anonymous_10)
FNDA:0,(anonymous_11)
FNDA:0,(anonymous_12)
FNDA:0,(anonymous_13)
FNDA:0,(anonymous_14)
FNDA:0,(anonymous_15)
FNDA:0,(anonymous_16)
DA:3,0
DA:4,0
DA:5,0
DA:6,0
DA:7,0
DA:8,0
DA:9,0
DA:10,0
DA:11,0
DA:12,0
DA:13,0
DA:14,0
DA:16,0
DA:17,0
DA:18,0
DA:19,0
DA:20,0
DA:21,0
DA:22,0
DA:23,0
DA:24,0
DA:25,0
DA:27,0
DA:28,0
DA:29,0
DA:30,0
DA:31,0
DA:34,0
DA:35,0
DA:36,0
DA:37,0
DA:39,0
DA:40,0
DA:41,0
DA:43,0
DA:47,0
DA:50,0
DA:51,0
DA:52,0
DA:54,0
DA:55,0
DA:56,0
DA:58,0
DA:59,0
DA:61,0
DA:62,0
DA:64,0
DA:65,0
DA:66,0
DA:70,0
DA:71,0
DA:72,0
DA:73,0
DA:74,0
DA:78,0
DA:79,0
DA:80,0
DA:81,0
DA:82,0
DA:83,0
DA:85,0
DA:86,0
DA:88,0
DA:89,0
DA:90,0
DA:91,0
DA:93,0
DA:94,0
DA:96,0
DA:97,0
DA:98,0
DA:100,0
DA:101,0
DA:102,0
DA:105,0
DA:106,0
DA:108,0
DA:110,0
DA:112,0
DA:114,0
DA:115,0
DA:116,0
DA:118,0
DA:120,0
DA:121,0
DA:123,0
DA:124,0
DA:125,0
DA:127,0
DA:128,0
DA:130,0
DA:133,0
DA:137,0
DA:138,0
DA:139,0
DA:140,0
DA:142,0
DA:143,0
DA:144,0
DA:149,0
DA:151,0
DA:153,0
DA:154,0
DA:155,0
DA:156,0
DA:157,0
DA:158,0
DA:161,0
DA:162,0
DA:164,0
DA:168,0
DA:169,0
DA:233,0
DA:249,0
DA:256,0
DA:297,0
LF:116
LH:0
BRDA:36,0,0,0
BRDA:36,0,1,0
BRDA:37,1,0,0
BRDA:37,1,1,0
BRDA:40,2,0,0
BRDA:40,2,1,0
BRDA:59,3,0,0
BRDA:59,3,1,0
BRDA:100,4,0,0
BRDA:114,5,0,0
BRDA:114,5,1,0
BRDA:123,6,0,0
BRDA:123,6,1,0
BRDA:127,7,0,0
BRDA:127,7,1,0
BRDA:137,8,0,0
BRDA:149,9,0,0
BRDA:149,9,1,0
BRDA:153,10,0,0
BRDA:153,10,1,0
BRDA:155,11,0,0
BRDA:155,11,1,0
BRDA:155,12,0,0
BRDA:155,12,1,0
BRDA:157,13,0,0
BRDA:209,14,0,0
BRDA:216,15,0,0
BRDA:247,16,0,0
BRDA:247,16,1,0
BRDA:259,17,0,0
BRDA:270,18,0,0
BRDA:270,18,1,0
BRDA:328,19,0,0
BRDA:328,19,1,0
BRDA:329,20,0,0
BRDA:329,20,1,0
BRF:36
BRH:0
end_of_record
TN:
SF:src\app\admin\login-new\page.tsx
FN:16,AdminLoginNewPage
FN:27,(anonymous_2)
FN:30,(anonymous_3)
FN:34,(anonymous_4)
FN:40,(anonymous_5)
FN:48,(anonymous_6)
FN:51,(anonymous_7)
FN:73,(anonymous_8)
FN:76,(anonymous_9)
FN:81,(anonymous_10)
FN:163,(anonymous_11)
FN:196,(anonymous_12)
FN:201,(anonymous_13)
FN:213,(anonymous_14)
FN:279,(anonymous_15)
FN:296,(anonymous_16)
FN:303,(anonymous_17)
FNF:17
FNH:0
FNDA:0,AdminLoginNewPage
FNDA:0,(anonymous_2)
FNDA:0,(anonymous_3)
FNDA:0,(anonymous_4)
FNDA:0,(anonymous_5)
FNDA:0,(anonymous_6)
FNDA:0,(anonymous_7)
FNDA:0,(anonymous_8)
FNDA:0,(anonymous_9)
FNDA:0,(anonymous_10)
FNDA:0,(anonymous_11)
FNDA:0,(anonymous_12)
FNDA:0,(anonymous_13)
FNDA:0,(anonymous_14)
FNDA:0,(anonymous_15)
FNDA:0,(anonymous_16)
FNDA:0,(anonymous_17)
DA:3,0
DA:4,0
DA:5,0
DA:6,0
DA:7,0
DA:8,0
DA:9,0
DA:10,0
DA:11,0
DA:12,0
DA:13,0
DA:14,0
DA:16,0
DA:17,0
DA:18,0
DA:19,0
DA:20,0
DA:21,0
DA:22,0
DA:23,0
DA:24,0
DA:25,0
DA:27,0
DA:28,0
DA:29,0
DA:30,0
DA:31,0
DA:34,0
DA:35,0
DA:36,0
DA:37,0
DA:40,0
DA:41,0
DA:42,0
DA:44,0
DA:48,0
DA:51,0
DA:52,0
DA:53,0
DA:55,0
DA:57,0
DA:58,0
DA:61,0
DA:62,0
DA:64,0
DA:65,0
DA:67,0
DA:68,0
DA:69,0
DA:73,0
DA:74,0
DA:75,0
DA:76,0
DA:77,0
DA:81,0
DA:82,0
DA:83,0
DA:84,0
DA:85,0
DA:86,0
DA:88,0
DA:89,0
DA:90,0
DA:92,0
DA:94,0
DA:95,0
DA:96,0
DA:98,0
DA:99,0
DA:100,0
DA:102,0
DA:105,0
DA:106,0
DA:107,0
DA:109,0
DA:110,0
DA:111,0
DA:114,0
DA:115,0
DA:116,0
DA:117,0
DA:118,0
DA:120,0
DA:123,0
DA:125,0
DA:127,0
DA:128,0
DA:129,0
DA:131,0
DA:133,0
DA:134,0
DA:136,0
DA:137,0
DA:138,0
DA:139,0
DA:140,0
DA:141,0
DA:143,0
DA:144,0
DA:146,0
DA:147,0
DA:150,0
DA:151,0
DA:155,0
DA:156,0
DA:157,0
DA:158,0
DA:161,0
DA:163,0
DA:164,0
DA:165,0
DA:170,0
DA:171,0
DA:173,0
DA:175,0
DA:176,0
DA:177,0
DA:178,0
DA:179,0
DA:180,0
DA:181,0
DA:182,0
DA:183,0
DA:184,0
DA:185,0
DA:186,0
DA:189,0
DA:190,0
DA:192,0
DA:196,0
DA:197,0
DA:198,0
DA:201,0
DA:202,0
DA:213,0
DA:214,0
DA:215,0
DA:216,0
DA:217,0
DA:218,0
DA:219,0
DA:220,0
DA:221,0
DA:279,0
DA:296,0
DA:303,0
LF:146
LH:0
BRDA:36,0,0,0
BRDA:36,0,1,0
BRDA:37,1,0,0
BRDA:37,1,1,0
BRDA:41,2,0,0
BRDA:41,2,1,0
BRDA:62,3,0,0
BRDA:62,3,1,0
BRDA:109,4,0,0
BRDA:127,5,0,0
BRDA:127,5,1,0
BRDA:136,6,0,0
BRDA:136,6,1,0
BRDA:141,7,0,0
BRDA:141,7,1,0
BRDA:143,8,0,0
BRDA:143,8,1,0
BRDA:155,9,0,0
BRDA:171,10,0,0
BRDA:171,10,1,0
BRDA:175,11,0,0
BRDA:175,11,1,0
BRDA:178,12,0,0
BRDA:178,12,1,0
BRDA:178,13,0,0
BRDA:178,13,1,0
BRDA:181,14,0,0
BRDA:181,14,1,0
BRDA:183,15,0,0
BRDA:183,15,1,0
BRDA:185,16,0,0
BRDA:214,17,0,0
BRDA:214,17,1,0
BRDA:214,17,2,0
BRDA:214,17,3,0
BRDA:214,17,4,0
BRDA:214,17,5,0
BRDA:214,17,6,0
BRDA:254,18,0,0
BRDA:261,19,0,0
BRDA:293,20,0,0
BRDA:293,20,1,0
BRDA:306,21,0,0
BRDA:317,22,0,0
BRDA:317,22,1,0
BRDA:390,23,0,0
BRDA:390,23,1,0
BRDA:391,24,0,0
BRDA:391,24,1,0
BRF:49
BRH:0
end_of_record
TN:
SF:src\app\api\analytics\route.ts
FN:3,GET
FNF:1
FNH:0
FNDA:0,GET
DA:1,0
DA:3,0
DA:4,0
LF:3
LH:0
BRF:0
BRH:0
end_of_record
TN:
SF:src\app\api\auth\check-user-exists\route.ts
FN:6,normalizePhoneNumber
FN:30,POST
FN:70,(anonymous_3)
FN:74,(anonymous_4)
FN:75,(anonymous_5)
FN:88,(anonymous_6)
FN:93,(anonymous_7)
FN:96,(anonymous_8)
FN:122,(anonymous_9)
FN:125,(anonymous_10)
FNF:10
FNH:0
FNDA:0,normalizePhoneNumber
FNDA:0,POST
FNDA:0,(anonymous_3)
FNDA:0,(anonymous_4)
FNDA:0,(anonymous_5)
FNDA:0,(anonymous_6)
FNDA:0,(anonymous_7)
FNDA:0,(anonymous_8)
FNDA:0,(anonymous_9)
FNDA:0,(anonymous_10)
DA:1,0
DA:2,0
DA:3,0
DA:8,0
DA:11,0
DA:14,0
DA:17,0
DA:18,0
DA:22,0
DA:23,0
DA:27,0
DA:30,0
DA:32,0
DA:34,0
DA:35,0
DA:36,0
DA:37,0
DA:42,0
DA:43,0
DA:44,0
DA:46,0
DA:53,0
DA:54,0
DA:55,0
DA:57,0
DA:60,0
DA:63,0
DA:64,0
DA:67,0
DA:70,0
DA:71,0
DA:72,0
DA:75,0
DA:78,0
DA:80,0
DA:81,0
DA:86,0
DA:87,0
DA:88,0
DA:89,0
DA:92,0
DA:93,0
DA:95,0
DA:96,0
DA:97,0
DA:99,0
DA:103,0
DA:104,0
DA:107,0
DA:108,0
DA:111,0
DA:113,0
DA:114,0
DA:115,0
DA:121,0
DA:122,0
DA:124,0
DA:125,0
DA:126,0
DA:128,0
DA:131,0
DA:133,0
DA:140,0
DA:141,0
LF:64
LH:0
BRDA:17,0,0,0
BRDA:17,1,0,0
BRDA:17,1,1,0
BRDA:22,2,0,0
BRDA:22,3,0,0
BRDA:22,3,1,0
BRDA:36,4,0,0
BRDA:86,5,0,0
BRDA:95,6,0,0
BRDA:103,7,0,0
BRDA:124,8,0,0
BRF:11
BRH:0
end_of_record
TN:
SF:src\app\api\auth\find-user-by-phone\route.ts
FN:4,POST
FN:33,(anonymous_5)
FNF:2
FNH:0
FNDA:0,POST
FNDA:0,(anonymous_5)
DA:1,0
DA:2,0
DA:4,0
DA:5,0
DA:6,0
DA:7,0
DA:8,0
DA:9,0
DA:14,0
DA:16,0
DA:17,0
DA:19,0
DA:21,0
DA:22,0
DA:23,0
DA:29,0
DA:32,0
DA:33,0
DA:36,0
DA:37,0
DA:38,0
DA:42,0
DA:43,0
DA:46,0
DA:54,0
DA:56,0
DA:57,0
DA:59,0
DA:60,0
DA:62,0
DA:63,0
DA:64,0
DA:66,0
DA:68,0
DA:69,0
DA:70,0
DA:81,0
DA:84,0
DA:86,0
DA:87,0
DA:88,0
DA:89,0
DA:90,0
DA:92,0
DA:93,0
DA:94,0
DA:95,0
DA:98,0
DA:102,0
DA:118,0
DA:119,0
DA:120,0
DA:121,0
DA:127,0
DA:130,0
DA:131,0
DA:141,0
DA:142,0
DA:152,0
DA:156,0
DA:157,0
LF:61
LH:0
BRDA:8,0,0,0
BRDA:21,1,0,0
BRDA:49,2,0,0
BRDA:49,2,1,0
BRDA:68,3,0,0
BRDA:76,4,0,0
BRDA:76,4,1,0
BRDA:81,5,0,0
BRDA:81,5,1,0
BRDA:84,6,0,0
BRDA:84,7,0,0
BRDA:84,7,1,0
BRDA:84,7,2,0
BRDA:92,8,0,0
BRDA:105,9,0,0
BRDA:105,9,1,0
BRDA:108,10,0,0
BRDA:108,10,1,0
BRDA:109,11,0,0
BRDA:109,11,1,0
BRDA:110,12,0,0
BRDA:110,12,1,0
BRDA:130,13,0,0
BRDA:141,14,0,0
BRDA:141,15,0,0
BRDA:141,15,1,0
BRDA:161,16,0,0
BRDA:161,16,1,0
BRF:28
BRH:0
end_of_record
TN:
SF:src\app\api\auth\reset-password\route.ts
FN:6,POST
FNF:1
FNH:0
FNDA:0,POST
DA:1,0
DA:2,0
DA:3,0
DA:4,0
DA:6,0
DA:7,0
DA:8,0
DA:9,0
DA:10,0
DA:11,0
DA:16,0
DA:17,0
DA:19,0
DA:22,0
DA:23,0
DA:30,0
DA:31,0
DA:38,0
DA:39,0
DA:41,0
DA:43,0
DA:45,0
DA:46,0
DA:47,0
DA:54,0
DA:55,0
DA:56,0
DA:58,0
DA:59,0
DA:60,0
DA:66,0
DA:71,0
DA:73,0
DA:84,0
DA:86,0
LF:35
LH:0
BRDA:10,0,0,0
BRDA:22,1,0,0
BRDA:22,2,0,0
BRDA:22,2,1,0
BRDA:30,3,0,0
BRDA:45,4,0,0
BRDA:56,5,0,0
BRDA:56,5,1,0
BRDA:58,6,0,0
BRF:9
BRH:0
end_of_record
TN:
SF:src\app\api\beon\test-all\route.ts
FN:4,POST
FN:40,(anonymous_5)
FN:75,GET
FNF:3
FNH:0
FNDA:0,POST
FNDA:0,(anonymous_5)
FNDA:0,GET
DA:1,0
DA:2,0
DA:4,0
DA:5,0
DA:6,0
DA:7,0
DA:10,0
DA:12,0
DA:13,0
DA:21,0
DA:24,0
DA:25,0
DA:29,0
DA:30,0
DA:34,0
DA:35,0
DA:36,0
DA:40,0
DA:41,0
DA:45,0
DA:46,0
DA:47,0
DA:54,0
DA:55,0
DA:58,0
DA:64,0
DA:67,0
DA:68,0
DA:75,0
DA:76,0
LF:30
LH:0
BRDA:12,0,0,0
BRDA:21,1,0,0
BRDA:21,1,1,0
BRDA:21,1,2,0
BRDA:21,1,3,0
BRDA:21,1,4,0
BRDA:46,2,0,0
BRDA:70,3,0,0
BRDA:70,3,1,0
BRF:9
BRH:0
end_of_record
TN:
SF:src\app\api\debug\youtube-key\route.ts
FN:3,GET
FNF:1
FNH:0
FNDA:0,GET
DA:1,0
DA:3,0
DA:4,0
DA:6,0
LF:4
LH:0
BRDA:4,0,0,0
BRDA:4,0,1,0
BRF:2
BRH:0
end_of_record
TN:
SF:src\app\api\dream-academy\private-session\route.ts
FN:6,POST
FN:58,(anonymous_2)
FNF:2
FNH:0
FNDA:0,POST
FNDA:0,(anonymous_2)
DA:1,0
DA:2,0
DA:3,0
DA:4,0
DA:6,0
DA:7,0
DA:8,0
DA:9,0
DA:10,0
DA:11,0
DA:13,0
DA:28,0
DA:29,0
DA:38,0
DA:39,0
DA:41,0
DA:45,0
DA:46,0
DA:47,0
DA:48,0
DA:49,0
DA:52,0
DA:55,0
DA:56,0
DA:58,0
DA:59,0
DA:60,0
DA:63,0
DA:64,0
DA:65,0
DA:66,0
DA:68,0
DA:87,0
DA:90,0
DA:92,0
DA:107,0
DA:117,0
DA:120,0
DA:122,0
LF:39
LH:0
BRDA:9,0,0,0
BRDA:9,0,1,0
BRDA:10,1,0,0
BRDA:10,2,0,0
BRDA:10,2,1,0
BRDA:10,2,2,0
BRDA:10,2,3,0
BRDA:10,2,4,0
BRDA:16,3,0,0
BRDA:16,3,1,0
BRDA:17,4,0,0
BRDA:17,4,1,0
BRDA:19,5,0,0
BRDA:19,5,1,0
BRDA:22,6,0,0
BRDA:22,6,1,0
BRDA:30,7,0,0
BRDA:30,7,1,0
BRDA:46,8,0,0
BRDA:60,9,0,0
BRDA:60,9,1,0
BRDA:63,10,0,0
BRDA:63,10,1,0
BRDA:66,11,0,0
BRDA:66,11,1,0
BRDA:66,11,2,0
BRDA:71,12,0,0
BRDA:71,12,1,0
BRDA:90,13,0,0
BRDA:97,14,0,0
BRDA:97,14,1,0
BRDA:122,15,0,0
BRDA:122,15,1,0
BRF:33
BRH:0
end_of_record
TN:
SF:src\app\api\dream-academy\stats\route.ts
FN:5,POST
FN:30,GET
FNF:2
FNH:0
FNDA:0,POST
FNDA:0,GET
DA:1,0
DA:2,0
DA:3,0
DA:5,0
DA:6,0
DA:7,0
DA:8,0
DA:9,0
DA:11,0
DA:12,0
DA:13,0
DA:14,0
DA:16,0
DA:17,0
DA:18,0
DA:19,0
DA:20,0
DA:21,0
DA:23,0
DA:24,0
DA:26,0
DA:30,0
DA:31,0
DA:32,0
DA:33,0
DA:34,0
DA:35,0
DA:36,0
DA:37,0
DA:39,0
LF:30
LH:0
BRDA:8,0,0,0
BRDA:8,1,0,0
BRDA:8,1,1,0
BRDA:13,2,0,0
BRDA:16,3,0,0
BRDA:16,3,1,0
BRDA:18,4,0,0
BRDA:18,4,1,0
BRDA:20,5,0,0
BRDA:26,6,0,0
BRDA:26,6,1,0
BRDA:34,7,0,0
BRDA:37,8,0,0
BRDA:37,8,1,0
BRDA:39,9,0,0
BRDA:39,9,1,0
BRF:16
BRH:0
end_of_record
TN:
SF:src\app\api\favorites\route.ts
FN:16,(anonymous_4)
FN:22,GET
FN:57,(anonymous_6)
FN:67,(anonymous_7)
FN:77,(anonymous_8)
FN:113,POST
FN:190,DELETE
FN:223,(anonymous_11)
FNF:8
FNH:0
FNDA:0,(anonymous_4)
FNDA:0,GET
FNDA:0,(anonymous_6)
FNDA:0,(anonymous_7)
FNDA:0,(anonymous_8)
FNDA:0,POST
FNDA:0,DELETE
FNDA:0,(anonymous_11)
DA:1,0
DA:2,0
DA:13,0
DA:16,0
DA:17,0
DA:18,0
DA:22,0
DA:23,0
DA:24,0
DA:25,0
DA:26,0
DA:28,0
DA:29,0
DA:34,0
DA:36,0
DA:42,0
DA:43,0
DA:45,0
DA:51,0
DA:56,0
DA:57,0
DA:67,0
DA:68,0
DA:70,0
DA:71,0
DA:72,0
DA:73,0
DA:74,0
DA:77,0
DA:81,0
DA:85,0
DA:91,0
DA:94,0
DA:95,0
DA:96,0
DA:105,0
DA:113,0
DA:114,0
DA:115,0
DA:123,0
DA:126,0
DA:127,0
DA:133,0
DA:139,0
DA:141,0
DA:142,0
DA:149,0
DA:160,0
DA:162,0
DA:169,0
DA:172,0
DA:173,0
DA:174,0
DA:182,0
DA:190,0
DA:191,0
DA:192,0
DA:193,0
DA:194,0
DA:195,0
DA:197,0
DA:199,0
DA:201,0
DA:205,0
DA:207,0
DA:213,0
DA:215,0
DA:216,0
DA:223,0
DA:224,0
DA:226,0
DA:231,0
DA:237,0
DA:240,0
DA:241,0
DA:242,0
DA:249,0
LF:77
LH:0
BRDA:28,0,0,0
BRDA:34,1,0,0
BRDA:34,1,1,0
BRDA:47,2,0,0
BRDA:47,2,1,0
BRDA:73,3,0,0
BRDA:94,4,0,0
BRDA:107,5,0,0
BRDA:107,5,1,0
BRDA:122,6,0,0
BRDA:126,7,0,0
BRDA:126,8,0,0
BRDA:126,8,1,0
BRDA:141,9,0,0
BRDA:152,10,0,0
BRDA:152,10,1,0
BRDA:153,11,0,0
BRDA:153,11,1,0
BRDA:154,12,0,0
BRDA:154,12,1,0
BRDA:172,13,0,0
BRDA:184,14,0,0
BRDA:184,14,1,0
BRDA:197,15,0,0
BRDA:197,15,1,0
BRDA:205,16,0,0
BRDA:205,16,1,0
BRDA:205,17,0,0
BRDA:205,17,1,0
BRDA:215,18,0,0
BRDA:240,19,0,0
BRDA:251,20,0,0
BRDA:251,20,1,0
BRF:33
BRH:0
end_of_record
TN:
SF:src\app\api\fix-images\route.ts
FN:6,isBrokenUrl
FN:19,(anonymous_4)
FN:25,POST
FN:85,(anonymous_6)
FN:105,(anonymous_7)
FN:123,(anonymous_8)
FN:162,(anonymous_9)
FN:202,GET
FNF:8
FNH:0
FNDA:0,isBrokenUrl
FNDA:0,(anonymous_4)
FNDA:0,POST
FNDA:0,(anonymous_6)
FNDA:0,(anonymous_7)
FNDA:0,(anonymous_8)
FNDA:0,(anonymous_9)
FNDA:0,GET
DA:1,0
DA:2,0
DA:3,0
DA:7,0
DA:9,0
DA:10,0
DA:19,0
DA:25,0
DA:26,0
DA:27,0
DA:30,0
DA:31,0
DA:44,0
DA:46,0
DA:47,0
DA:48,0
DA:51,0
DA:52,0
DA:53,0
DA:54,0
DA:55,0
DA:56,0
DA:58,0
DA:59,0
DA:60,0
DA:61,0
DA:62,0
DA:63,0
DA:64,0
DA:65,0
DA:68,0
DA:69,0
DA:73,0
DA:74,0
DA:75,0
DA:85,0
DA:87,0
DA:89,0
DA:90,0
DA:101,0
DA:102,0
DA:103,0
DA:105,0
DA:113,0
DA:116,0
DA:119,0
DA:120,0
DA:123,0
DA:124,0
DA:125,0
DA:126,0
DA:130,0
DA:131,0
DA:139,0
DA:140,0
DA:141,0
DA:151,0
DA:154,0
DA:155,0
DA:157,0
DA:158,0
DA:159,0
DA:162,0
DA:163,0
DA:167,0
DA:168,0
DA:170,0
DA:171,0
DA:173,0
DA:174,0
DA:179,0
DA:181,0
DA:193,0
DA:194,0
DA:202,0
DA:203,0
LF:76
LH:0
BRDA:7,0,0,0
BRDA:7,1,0,0
BRDA:7,1,1,0
BRDA:19,2,0,0
BRDA:19,2,1,0
BRDA:19,2,2,0
BRDA:19,2,3,0
BRDA:58,3,0,0
BRDA:73,4,0,0
BRDA:89,5,0,0
BRDA:124,6,0,0
BRDA:124,7,0,0
BRDA:124,7,1,0
BRDA:130,8,0,0
BRDA:133,9,0,0
BRDA:133,9,1,0
BRDA:133,9,2,0
BRDA:133,9,3,0
BRDA:139,10,0,0
BRDA:189,11,0,0
BRDA:189,11,1,0
BRF:21
BRH:0
end_of_record
TN:
SF:src\app\api\geidea\apple-pay-session\route.ts
FN:6,generateSignature
FN:23,getCountryFromCurrency
FN:33,POST
FNF:3
FNH:0
FNDA:0,generateSignature
FNDA:0,getCountryFromCurrency
FNDA:0,POST
DA:1,0
DA:2,0
DA:3,0
DA:14,0
DA:15,0
DA:16,0
DA:24,0
DA:25,0
DA:26,0
DA:27,0
DA:28,0
DA:29,0
DA:33,0
DA:34,0
DA:35,0
DA:36,0
DA:37,0
DA:38,0
DA:45,0
DA:46,0
DA:47,0
DA:49,0
DA:50,0
DA:63,0
DA:66,0
DA:67,0
DA:68,0
DA:75,0
DA:76,0
DA:77,0
DA:78,0
DA:81,0
DA:82,0
DA:83,0
DA:90,0
DA:93,0
DA:103,0
DA:127,0
DA:137,0
DA:147,0
DA:149,0
DA:155,0
DA:156,0
DA:157,0
DA:168,0
DA:169,0
DA:178,0
DA:179,0
LF:48
LH:0
BRDA:24,0,0,0
BRDA:24,0,1,0
BRDA:24,0,2,0
BRDA:24,0,3,0
BRDA:24,0,4,0
BRDA:37,1,0,0
BRDA:51,2,0,0
BRDA:51,2,1,0
BRDA:58,3,0,0
BRDA:66,4,0,0
BRDA:66,5,0,0
BRDA:66,5,1,0
BRDA:66,5,2,0
BRDA:66,5,3,0
BRDA:77,6,0,0
BRDA:77,6,1,0
BRDA:81,7,0,0
BRDA:81,8,0,0
BRDA:81,8,1,0
BRDA:81,8,2,0
BRDA:117,9,0,0
BRDA:117,9,1,0
BRDA:119,10,0,0
BRDA:119,10,1,0
BRDA:155,11,0,0
BRDA:155,12,0,0
BRDA:155,12,1,0
BRDA:160,13,0,0
BRDA:160,13,1,0
BRDA:160,13,2,0
BRDA:180,14,0,0
BRDA:180,14,1,0
BRF:32
BRH:0
end_of_record
TN:
SF:src\app\api\geidea\callback\route.ts
FN:5,POST
FN:166,updateUserSubscription
FNF:2
FNH:0
FNDA:0,POST
FNDA:0,updateUserSubscription
DA:1,0
DA:2,0
DA:3,0
DA:5,0
DA:6,0
DA:7,0
DA:9,0
DA:10,0
DA:13,0
DA:14,0
DA:15,0
DA:27,0
DA:29,0
DA:39,0
DA:40,0
DA:42,0
DA:45,0
DA:48,0
DA:51,0
DA:66,0
DA:67,0
DA:69,0
DA:70,0
DA:71,0
DA:76,0
DA:82,0
DA:85,0
DA:86,0
DA:87,0
DA:88,0
DA:90,0
DA:93,0
DA:96,0
DA:104,0
DA:105,0
DA:112,0
DA:119,0
DA:133,0
DA:134,0
DA:135,0
DA:136,0
DA:137,0
DA:141,0
DA:142,0
DA:148,0
DA:157,0
DA:158,0
DA:167,0
DA:168,0
DA:171,0
DA:172,0
DA:175,0
DA:176,0
DA:177,0
DA:178,0
DA:180,0
DA:181,0
DA:182,0
DA:183,0
DA:184,0
DA:186,0
DA:187,0
DA:188,0
DA:189,0
DA:190,0
DA:191,0
DA:194,0
DA:198,0
DA:199,0
DA:200,0
DA:201,0
DA:205,0
DA:206,0
DA:207,0
DA:215,0
DA:217,0
DA:220,0
DA:221,0
DA:230,0
DA:232,0
DA:238,0
DA:239,0
DA:252,0
DA:255,0
DA:256,0
LF:85
LH:0
BRDA:13,0,0,0
BRDA:13,1,0,0
BRDA:13,1,1,0
BRDA:13,1,2,0
BRDA:39,2,0,0
BRDA:39,2,1,0
BRDA:39,3,0,0
BRDA:39,3,1,0
BRDA:67,4,0,0
BRDA:70,5,0,0
BRDA:85,6,0,0
BRDA:85,6,1,0
BRDA:85,7,0,0
BRDA:85,7,1,0
BRDA:107,8,0,0
BRDA:107,8,1,0
BRDA:134,9,0,0
BRDA:136,10,0,0
BRDA:160,11,0,0
BRDA:160,11,1,0
BRDA:186,12,0,0
BRDA:198,13,0,0
BRDA:205,14,0,0
BRF:23
BRH:0
end_of_record
TN:
SF:src\app\api\geidea\config\route.ts
FN:3,GET
FN:16,(anonymous_2)
FNF:2
FNH:0
FNDA:0,GET
FNDA:0,(anonymous_2)
DA:1,0
DA:3,0
DA:4,0
DA:6,0
DA:15,0
DA:16,0
DA:17,0
DA:18,0
DA:25,0
DA:27,0
DA:41,0
DA:42,0
LF:12
LH:0
BRDA:10,0,0,0
BRDA:10,0,1,0
BRDA:18,1,0,0
BRDA:18,1,1,0
BRDA:18,1,2,0
BRDA:18,1,3,0
BRDA:18,1,4,0
BRDA:31,2,0,0
BRDA:31,2,1,0
BRDA:32,3,0,0
BRDA:32,3,1,0
BRDA:37,4,0,0
BRDA:37,4,1,0
BRDA:46,5,0,0
BRDA:46,5,1,0
BRF:15
BRH:0
end_of_record
TN:
SF:src\app\api\geidea\create-session\route.ts
FN:6,generateSignature
FN:22,POST
FNF:2
FNH:0
FNDA:0,generateSignature
FNDA:0,POST
DA:1,0
DA:2,0
DA:3,0
DA:14,0
DA:15,0
DA:16,0
DA:22,0
DA:23,0
DA:25,0
DA:26,0
DA:27,0
DA:28,0
DA:33,0
DA:37,0
DA:38,0
DA:39,0
DA:41,0
DA:42,0
DA:48,0
DA:51,0
DA:54,0
DA:55,0
DA:56,0
DA:63,0
DA:64,0
DA:65,0
DA:67,0
DA:79,0
DA:80,0
DA:83,0
DA:85,0
DA:87,0
DA:101,0
DA:102,0
DA:104,0
DA:106,0
DA:120,0
DA:123,0
DA:124,0
DA:129,0
DA:130,0
DA:132,0
DA:134,0
DA:148,0
DA:151,0
DA:160,0
DA:170,0
DA:181,0
DA:185,0
DA:188,0
DA:189,0
DA:192,0
DA:196,0
DA:197,0
DA:198,0
DA:201,0
DA:213,0
DA:214,0
DA:215,0
DA:216,0
DA:218,0
DA:228,0
DA:229,0
DA:231,0
DA:233,0
DA:242,0
DA:243,0
DA:246,0
DA:247,0
DA:261,0
DA:274,0
DA:275,0
DA:278,0
DA:279,0
DA:294,0
DA:309,0
DA:310,0
DA:313,0
DA:317,0
DA:333,0
DA:334,0
LF:81
LH:0
BRDA:27,0,0,0
BRDA:43,1,0,0
BRDA:43,1,1,0
BRDA:48,2,0,0
BRDA:54,3,0,0
BRDA:54,4,0,0
BRDA:54,4,1,0
BRDA:54,4,2,0
BRDA:65,5,0,0
BRDA:65,5,1,0
BRDA:68,6,0,0
BRDA:68,6,1,0
BRDA:69,7,0,0
BRDA:69,7,1,0
BRDA:71,8,0,0
BRDA:71,8,1,0
BRDA:72,9,0,0
BRDA:72,9,1,0
BRDA:73,10,0,0
BRDA:73,10,1,0
BRDA:73,10,2,0
BRDA:73,10,3,0
BRDA:73,10,4,0
BRDA:73,10,5,0
BRDA:79,11,0,0
BRDA:79,12,0,0
BRDA:79,12,1,0
BRDA:101,13,0,0
BRDA:101,14,0,0
BRDA:101,14,1,0
BRDA:120,15,0,0
BRDA:120,16,0,0
BRDA:120,16,1,0
BRDA:120,16,2,0
BRDA:120,16,3,0
BRDA:120,16,4,0
BRDA:120,16,5,0
BRDA:129,17,0,0
BRDA:129,18,0,0
BRDA:129,18,1,0
BRDA:161,19,0,0
BRDA:161,19,1,0
BRDA:181,20,0,0
BRDA:181,20,1,0
BRDA:182,21,0,0
BRDA:182,21,1,0
BRDA:188,22,0,0
BRDA:196,23,0,0
BRDA:237,24,0,0
BRDA:237,24,1,0
BRDA:242,25,0,0
BRDA:246,26,0,0
BRDA:264,27,0,0
BRDA:264,27,1,0
BRDA:264,27,2,0
BRDA:274,28,0,0
BRDA:278,29,0,0
BRDA:278,30,0,0
BRDA:278,30,1,0
BRDA:297,31,0,0
BRDA:297,31,1,0
BRDA:297,31,2,0
BRDA:313,32,0,0
BRDA:313,32,1,0
BRDA:313,32,2,0
BRDA:337,33,0,0
BRDA:337,33,1,0
BRF:67
BRH:0
end_of_record
TN:
SF:src\app\api\geidea\test\route.ts
FN:3,POST
FNF:1
FNH:0
FNDA:0,POST
DA:1,0
DA:3,0
DA:4,0
DA:5,0
DA:6,0
DA:19,0
DA:22,0
DA:23,0
DA:34,0
DA:35,0
DA:36,0
DA:47,0
DA:49,0
DA:55,0
DA:64,0
DA:65,0
LF:16
LH:0
BRDA:13,0,0,0
BRDA:14,1,0,0
BRDA:22,2,0,0
BRDA:22,3,0,0
BRDA:22,3,1,0
BRDA:22,3,2,0
BRDA:22,3,3,0
BRDA:35,4,0,0
BRDA:35,5,0,0
BRDA:35,5,1,0
BRDA:68,6,0,0
BRDA:68,6,1,0
BRF:12
BRH:0
end_of_record
TN:
SF:src\app\api\geidea\webhook\route.ts
FN:14,verifySignature
FN:55,handleWebhook
FN:105,POST
FN:173,(anonymous_10)
FN:175,(anonymous_11)
FN:209,GET
FNF:6
FNH:0
FNDA:0,verifySignature
FNDA:0,handleWebhook
FNDA:0,POST
FNDA:0,(anonymous_10)
FNDA:0,(anonymous_11)
FNDA:0,GET
DA:1,0
DA:2,0
DA:3,0
DA:4,0
DA:5,0
DA:8,0
DA:15,0
DA:16,0
DA:17,0
DA:20,0
DA:21,0
DA:22,0
DA:25,0
DA:27,0
DA:33,0
DA:36,0
DA:41,0
DA:42,0
DA:43,0
DA:44,0
DA:47,0
DA:49,0
DA:50,0
DA:66,0
DA:68,0
DA:80,0
DA:82,0
DA:84,0
DA:93,0
DA:94,0
DA:98,0
DA:100,0
DA:101,0
DA:105,0
DA:106,0
DA:107,0
DA:110,0
DA:111,0
DA:112,0
DA:113,0
DA:120,0
DA:121,0
DA:123,0
DA:130,0
DA:131,0
DA:132,0
DA:138,0
DA:139,0
DA:140,0
DA:148,0
DA:149,0
DA:151,0
DA:152,0
DA:159,0
DA:160,0
DA:161,0
DA:169,0
DA:170,0
DA:171,0
DA:173,0
DA:175,0
DA:179,0
DA:183,0
DA:185,0
DA:186,0
DA:187,0
DA:192,0
DA:193,0
DA:200,0
DA:201,0
DA:209,0
DA:210,0
DA:212,0
LF:73
LH:0
BRDA:9,0,0,0
BRDA:9,0,1,0
BRDA:10,1,0,0
BRDA:10,1,1,0
BRDA:15,2,0,0
BRDA:20,3,0,0
BRDA:20,4,0,0
BRDA:20,4,1,0
BRDA:41,5,0,0
BRDA:82,6,0,0
BRDA:93,7,0,0
BRDA:93,8,0,0
BRDA:93,8,1,0
BRDA:112,9,0,0
BRDA:130,10,0,0
BRDA:138,11,0,0
BRDA:159,12,0,0
BRDA:159,13,0,0
BRDA:159,13,1,0
BRDA:159,13,2,0
BRDA:170,14,0,0
BRDA:185,15,0,0
BRDA:185,15,1,0
BRF:23
BRH:0
end_of_record
TN:
SF:src\app\api\health\route.ts
FN:3,GET
FNF:1
FNH:0
FNDA:0,GET
DA:1,0
DA:3,0
DA:4,0
DA:5,0
DA:14,0
LF:5
LH:0
BRDA:17,0,0,0
BRDA:17,0,1,0
BRF:2
BRH:0
end_of_record
TN:
SF:src\app\api\logs\route.ts
FN:6,POST
FN:8,(anonymous_4)
FN:27,GET
FNF:3
FNH:0
FNDA:0,POST
FNDA:0,(anonymous_4)
FNDA:0,GET
DA:1,0
DA:2,0
DA:3,0
DA:4,0
DA:6,0
DA:7,0
DA:8,0
DA:9,0
DA:11,0
DA:21,0
DA:23,0
DA:27,0
DA:28,0
LF:13
LH:0
BRDA:15,0,0,0
BRDA:15,0,1,0
BRDA:23,1,0,0
BRDA:23,1,1,0
BRF:4
BRH:0
end_of_record
TN:
SF:src\app\api\messages\route.ts
FN:6,GET
FN:21,(anonymous_5)
FN:36,(anonymous_6)
FN:46,(anonymous_7)
FN:75,POST
FN:195,PATCH
FN:217,(anonymous_10)
FNF:7
FNH:0
FNDA:0,GET
FNDA:0,(anonymous_5)
FNDA:0,(anonymous_6)
FNDA:0,(anonymous_7)
FNDA:0,POST
FNDA:0,PATCH
FNDA:0,(anonymous_10)
DA:1,0
DA:2,0
DA:3,0
DA:6,0
DA:7,0
DA:8,0
DA:9,0
DA:10,0
DA:12,0
DA:14,0
DA:20,0
DA:21,0
DA:26,0
DA:27,0
DA:29,0
DA:35,0
DA:36,0
DA:41,0
DA:44,0
DA:45,0
DA:46,0
DA:51,0
DA:54,0
DA:57,0
DA:58,0
DA:59,0
DA:67,0
DA:75,0
DA:76,0
DA:77,0
DA:87,0
DA:90,0
DA:91,0
DA:97,0
DA:100,0
DA:101,0
DA:106,0
DA:109,0
DA:111,0
DA:135,0
DA:136,0
DA:138,0
DA:148,0
DA:163,0
DA:165,0
DA:173,0
DA:176,0
DA:177,0
DA:178,0
DA:187,0
DA:195,0
DA:196,0
DA:197,0
DA:198,0
DA:200,0
DA:202,0
DA:203,0
DA:207,0
DA:209,0
DA:216,0
DA:217,0
DA:218,0
DA:224,0
DA:227,0
DA:228,0
DA:233,0
DA:236,0
DA:239,0
DA:240,0
DA:241,0
DA:248,0
LF:71
LH:0
BRDA:12,0,0,0
BRDA:12,0,1,0
BRDA:27,1,0,0
BRDA:27,1,1,0
BRDA:57,2,0,0
BRDA:69,3,0,0
BRDA:69,3,1,0
BRDA:86,4,0,0
BRDA:90,5,0,0
BRDA:90,6,0,0
BRDA:90,6,1,0
BRDA:90,6,2,0
BRDA:109,7,0,0
BRDA:109,7,1,0
BRDA:142,8,0,0
BRDA:142,8,1,0
BRDA:176,9,0,0
BRDA:189,10,0,0
BRDA:189,10,1,0
BRDA:200,11,0,0
BRDA:200,11,1,0
BRDA:207,12,0,0
BRDA:207,13,0,0
BRDA:207,13,1,0
BRDA:239,14,0,0
BRDA:250,15,0,0
BRDA:250,15,1,0
BRF:27
BRH:0
end_of_record
TN:
SF:src\app\api\notifications\interaction\route.ts
FN:4,POST
FN:157,PUT
FNF:2
FNH:0
FNDA:0,POST
FNDA:0,PUT
DA:1,0
DA:2,0
DA:4,0
DA:5,0
DA:6,0
DA:7,0
DA:9,0
DA:10,0
DA:23,0
DA:25,0
DA:36,0
DA:47,0
DA:49,0
DA:50,0
DA:57,0
DA:58,0
DA:64,0
DA:65,0
DA:73,0
DA:74,0
DA:77,0
DA:78,0
DA:83,0
DA:92,0
DA:95,0
DA:96,0
DA:101,0
DA:108,0
DA:111,0
DA:112,0
DA:117,0
DA:125,0
DA:128,0
DA:129,0
DA:130,0
DA:136,0
DA:142,0
DA:143,0
DA:145,0
DA:148,0
DA:149,0
DA:150,0
DA:157,0
DA:158,0
DA:159,0
DA:160,0
DA:162,0
DA:163,0
DA:169,0
DA:171,0
DA:177,0
DA:178,0
LF:52
LH:0
BRDA:47,0,0,0
BRDA:47,0,1,0
BRDA:47,0,2,0
BRDA:47,0,3,0
BRDA:47,0,4,0
BRDA:49,1,0,0
BRDA:49,2,0,0
BRDA:49,2,1,0
BRDA:49,2,2,0
BRDA:49,2,3,0
BRDA:49,2,4,0
BRDA:71,3,0,0
BRDA:71,3,1,0
BRDA:77,4,0,0
BRDA:77,5,0,0
BRDA:77,5,1,0
BRDA:77,5,2,0
BRDA:77,5,3,0
BRDA:77,5,4,0
BRDA:77,5,5,0
BRDA:77,5,6,0
BRDA:95,6,0,0
BRDA:95,7,0,0
BRDA:95,7,1,0
BRDA:95,7,2,0
BRDA:95,7,3,0
BRDA:95,7,4,0
BRDA:111,8,0,0
BRDA:111,9,0,0
BRDA:111,9,1,0
BRDA:111,9,2,0
BRDA:111,9,3,0
BRDA:111,9,4,0
BRDA:111,9,5,0
BRDA:162,10,0,0
BRF:35
BRH:0
end_of_record
TN:
SF:src\app\api\notifications\smart\route.ts
FN:4,POST
FN:123,GET
FNF:2
FNH:0
FNDA:0,POST
FNDA:0,GET
DA:1,0
DA:2,0
DA:4,0
DA:5,0
DA:6,0
DA:17,0
DA:19,0
DA:23,0
DA:25,0
DA:26,0
DA:31,0
DA:37,0
DA:40,0
DA:41,0
DA:46,0
DA:54,0
DA:57,0
DA:58,0
DA:63,0
DA:69,0
DA:72,0
DA:73,0
DA:78,0
DA:83,0
DA:86,0
DA:87,0
DA:92,0
DA:97,0
DA:100,0
DA:106,0
DA:108,0
DA:115,0
DA:116,0
DA:123,0
DA:124,0
DA:125,0
DA:126,0
DA:127,0
DA:128,0
DA:130,0
DA:131,0
DA:139,0
DA:148,0
DA:149,0
LF:44
LH:0
BRDA:23,0,0,0
BRDA:23,0,1,0
BRDA:23,0,2,0
BRDA:23,0,3,0
BRDA:23,0,4,0
BRDA:23,0,5,0
BRDA:25,1,0,0
BRDA:25,2,0,0
BRDA:25,2,1,0
BRDA:25,2,2,0
BRDA:25,2,3,0
BRDA:40,3,0,0
BRDA:40,4,0,0
BRDA:40,4,1,0
BRDA:40,4,2,0
BRDA:40,4,3,0
BRDA:40,4,4,0
BRDA:40,4,5,0
BRDA:57,5,0,0
BRDA:57,6,0,0
BRDA:57,6,1,0
BRDA:57,6,2,0
BRDA:57,6,3,0
BRDA:72,7,0,0
BRDA:72,8,0,0
BRDA:72,8,1,0
BRDA:86,9,0,0
BRDA:86,10,0,0
BRDA:86,10,1,0
BRDA:95,11,0,0
BRDA:95,11,1,0
BRDA:130,12,0,0
BRF:32
BRH:0
end_of_record
TN:
SF:src\app\api\notifications\smart-otp\route.ts
FN:11,POST
FNF:1
FNH:0
FNDA:0,POST
DA:1,0
DA:2,0
DA:3,0
DA:6,0
DA:7,0
DA:8,0
DA:9,0
DA:11,0
DA:12,0
DA:13,0
DA:14,0
DA:16,0
DA:18,0
DA:19,0
DA:26,0
DA:27,0
DA:28,0
DA:30,0
DA:31,0
DA:32,0
DA:35,0
DA:36,0
DA:37,0
DA:47,0
DA:48,0
DA:49,0
DA:50,0
DA:60,0
DA:61,0
DA:62,0
DA:65,0
DA:69,0
DA:73,0
DA:74,0
DA:75,0
DA:79,0
DA:82,0
DA:84,0
DA:85,0
DA:88,0
DA:90,0
DA:91,0
DA:92,0
DA:95,0
DA:96,0
DA:97,0
DA:99,0
DA:102,0
DA:105,0
DA:108,0
DA:109,0
DA:110,0
DA:111,0
DA:112,0
DA:113,0
DA:116,0
DA:126,0
DA:128,0
DA:138,0
DA:140,0
LF:60
LH:0
BRDA:18,0,0,0
BRDA:18,1,0,0
BRDA:18,1,1,0
BRDA:18,1,2,0
BRDA:18,1,3,0
BRDA:30,2,0,0
BRDA:30,2,1,0
BRDA:35,3,0,0
BRDA:47,4,0,0
BRDA:47,4,1,0
BRDA:48,5,0,0
BRDA:74,6,0,0
BRDA:84,7,0,0
BRDA:84,7,1,0
BRDA:88,8,0,0
BRDA:88,8,1,0
BRDA:90,9,0,0
BRDA:90,9,1,0
BRDA:96,10,0,0
BRDA:96,10,1,0
BRDA:105,11,0,0
BRDA:105,11,1,0
BRDA:108,12,0,0
BRDA:108,12,1,0
BRDA:110,13,0,0
BRDA:110,13,1,0
BRDA:112,14,0,0
BRDA:131,15,0,0
BRDA:131,15,1,0
BRF:29
BRH:0
end_of_record
TN:
SF:src\app\api\notifications\sms\route.ts
FN:4,POST
FN:71,send4jawalySMS
FNF:2
FNH:0
FNDA:0,POST
FNDA:0,send4jawalySMS
DA:1,0
DA:4,0
DA:5,0
DA:6,0
DA:9,0
DA:10,0
DA:17,0
DA:22,0
DA:25,0
DA:27,0
DA:28,0
DA:30,0
DA:33,0
DA:34,0
DA:40,0
DA:47,0
DA:48,0
DA:72,0
DA:73,0
DA:86,0
DA:88,0
DA:89,0
DA:91,0
DA:94,0
LF:24
LH:0
BRDA:9,0,0,0
BRDA:9,1,0,0
BRDA:9,1,1,0
BRDA:17,2,0,0
BRDA:17,2,1,0
BRDA:22,3,0,0
BRDA:22,3,1,0
BRDA:22,3,2,0
BRDA:33,4,0,0
BRDA:33,4,1,0
BRDA:88,5,0,0
BRDA:88,5,1,0
BRDA:88,6,0,0
BRDA:88,6,1,0
BRF:14
BRH:0
end_of_record
TN:
SF:src\app\api\notifications\sms\beon\route.ts
FN:3,POST
FN:89,sendBeOnSMSOTP
FNF:2
FNH:0
FNDA:0,POST
FNDA:0,sendBeOnSMSOTP
DA:1,0
DA:3,0
DA:4,0
DA:5,0
DA:14,0
DA:16,0
DA:19,0
DA:20,0
DA:27,0
DA:30,0
DA:31,0
DA:32,0
DA:33,0
DA:42,0
DA:43,0
DA:46,0
DA:49,0
DA:51,0
DA:52,0
DA:54,0
DA:62,0
DA:64,0
DA:74,0
DA:75,0
DA:77,0
DA:90,0
DA:92,0
DA:97,0
DA:98,0
DA:99,0
DA:102,0
DA:104,0
DA:114,0
DA:115,0
DA:117,0
DA:126,0
DA:127,0
DA:130,0
DA:131,0
DA:132,0
DA:134,0
DA:135,0
DA:137,0
DA:140,0
DA:141,0
DA:144,0
DA:146,0
DA:147,0
DA:154,0
DA:155,0
DA:161,0
DA:162,0
DA:163,0
DA:164,0
LF:54
LH:0
BRDA:8,0,0,0
BRDA:9,1,0,0
BRDA:10,2,0,0
BRDA:11,3,0,0
BRDA:12,4,0,0
BRDA:13,5,0,0
BRDA:31,6,0,0
BRDA:42,7,0,0
BRDA:51,8,0,0
BRDA:51,8,1,0
BRDA:56,9,0,0
BRDA:56,9,1,0
BRDA:67,10,0,0
BRDA:67,10,1,0
BRDA:92,11,0,0
BRDA:92,11,1,0
BRDA:92,11,2,0
BRDA:92,11,3,0
BRDA:97,12,0,0
BRDA:134,13,0,0
BRDA:134,13,1,0
BRDA:146,14,0,0
BRDA:146,14,1,0
BRDA:146,15,0,0
BRDA:146,15,1,0
BRDA:150,16,0,0
BRDA:150,16,1,0
BRDA:157,17,0,0
BRDA:157,17,1,0
BRF:29
BRH:0
end_of_record
TN:
SF:src\app\api\notifications\whatsapp\route.ts
FN:3,POST
FN:55,sendWhatsAppBusinessAPI
FN:84,sendGreenAPIMessage
FNF:3
FNH:0
FNDA:0,POST
FNDA:0,sendWhatsAppBusinessAPI
FNDA:0,sendGreenAPIMessage
DA:1,0
DA:3,0
DA:4,0
DA:5,0
DA:8,0
DA:9,0
DA:16,0
DA:21,0
DA:23,0
DA:24,0
DA:26,0
DA:27,0
DA:29,0
DA:32,0
DA:33,0
DA:39,0
DA:46,0
DA:47,0
DA:56,0
DA:57,0
DA:71,0
DA:73,0
DA:74,0
DA:76,0
DA:79,0
DA:85,0
DA:86,0
DA:98,0
DA:100,0
DA:101,0
DA:103,0
DA:106,0
LF:32
LH:0
BRDA:8,0,0,0
BRDA:8,1,0,0
BRDA:8,1,1,0
BRDA:16,2,0,0
BRDA:16,2,1,0
BRDA:21,3,0,0
BRDA:21,3,1,0
BRDA:21,3,2,0
BRDA:32,4,0,0
BRDA:32,4,1,0
BRDA:73,5,0,0
BRDA:73,5,1,0
BRDA:73,6,0,0
BRDA:73,6,1,0
BRDA:100,7,0,0
BRDA:100,7,1,0
BRDA:100,8,0,0
BRDA:100,8,1,0
BRDA:103,9,0,0
BRDA:103,9,1,0
BRF:20
BRH:0
end_of_record
TN:
SF:src\app\api\notifications\whatsapp\beon\route.ts
FN:9,POST
FN:120,sendBeOnOTP
FNF:2
FNH:0
FNDA:0,POST
FNDA:0,sendBeOnOTP
DA:1,0
DA:4,0
DA:5,0
DA:6,0
DA:7,0
DA:9,0
DA:10,0
DA:11,0
DA:12,0
DA:14,0
DA:16,0
DA:17,0
DA:24,0
DA:25,0
DA:26,0
DA:28,0
DA:29,0
DA:30,0
DA:33,0
DA:34,0
DA:35,0
DA:45,0
DA:46,0
DA:47,0
DA:48,0
DA:58,0
DA:59,0
DA:60,0
DA:63,0
DA:67,0
DA:71,0
DA:72,0
DA:73,0
DA:77,0
DA:80,0
DA:82,0
DA:83,0
DA:85,0
DA:94,0
DA:96,0
DA:106,0
DA:108,0
DA:121,0
DA:122,0
DA:124,0
DA:125,0
DA:126,0
DA:129,0
DA:132,0
DA:133,0
DA:134,0
DA:135,0
DA:136,0
DA:137,0
DA:139,0
DA:147,0
DA:155,0
DA:156,0
DA:157,0
DA:159,0
DA:160,0
DA:161,0
DA:168,0
DA:171,0
DA:172,0
DA:173,0
DA:174,0
DA:175,0
DA:184,0
DA:190,0
DA:191,0
LF:71
LH:0
BRDA:12,0,0,0
BRDA:16,1,0,0
BRDA:28,2,0,0
BRDA:28,2,1,0
BRDA:33,3,0,0
BRDA:45,4,0,0
BRDA:45,4,1,0
BRDA:46,5,0,0
BRDA:72,6,0,0
BRDA:82,7,0,0
BRDA:82,7,1,0
BRDA:87,8,0,0
BRDA:87,8,1,0
BRDA:99,9,0,0
BRDA:99,9,1,0
BRDA:120,10,0,0
BRDA:122,11,0,0
BRDA:122,11,1,0
BRDA:124,12,0,0
BRDA:134,13,0,0
BRDA:134,13,1,0
BRDA:141,14,0,0
BRDA:141,14,1,0
BRDA:159,15,0,0
BRDA:159,15,1,0
BRDA:159,16,0,0
BRDA:159,16,1,0
BRDA:164,17,0,0
BRDA:164,17,1,0
BRDA:171,18,0,0
BRDA:174,19,0,0
BRDA:186,20,0,0
BRDA:186,20,1,0
BRF:33
BRH:0
end_of_record
TN:
SF:src\app\api\notifications\whatsapp\test-config\route.ts
FN:3,GET
FNF:1
FNH:0
FNDA:0,GET
DA:1,0
DA:3,0
DA:4,0
DA:6,0
DA:7,0
DA:8,0
DA:9,0
DA:10,0
DA:11,0
DA:13,0
DA:32,0
DA:34,0
DA:45,0
DA:46,0
DA:49,0
DA:50,0
DA:53,0
DA:54,0
DA:57,0
DA:58,0
DA:61,0
DA:63,0
DA:66,0
DA:67,0
LF:24
LH:0
BRDA:15,0,0,0
BRDA:15,0,1,0
BRDA:16,1,0,0
BRDA:16,1,1,0
BRDA:16,2,0,0
BRDA:16,2,1,0
BRDA:17,3,0,0
BRDA:17,3,1,0
BRDA:17,3,2,0
BRDA:20,4,0,0
BRDA:20,4,1,0
BRDA:21,5,0,0
BRDA:21,5,1,0
BRDA:22,6,0,0
BRDA:22,6,1,0
BRDA:25,7,0,0
BRDA:25,7,1,0
BRDA:26,8,0,0
BRDA:26,8,1,0
BRDA:27,9,0,0
BRDA:27,9,1,0
BRDA:32,10,0,0
BRDA:32,10,1,0
BRDA:32,11,0,0
BRDA:32,11,1,0
BRDA:32,12,0,0
BRDA:32,12,1,0
BRDA:35,13,0,0
BRDA:35,13,1,0
BRDA:35,13,2,0
BRDA:38,14,0,0
BRDA:38,14,1,0
BRDA:38,15,0,0
BRDA:38,15,1,0
BRDA:38,15,2,0
BRDA:45,16,0,0
BRDA:49,17,0,0
BRDA:49,18,0,0
BRDA:49,18,1,0
BRDA:53,19,0,0
BRDA:53,20,0,0
BRDA:53,20,1,0
BRDA:57,21,0,0
BRDA:57,22,0,0
BRDA:57,22,1,0
BRF:45
BRH:0
end_of_record
TN:
SF:src\app\api\objectives\route.ts
FN:5,GET
FN:9,(anonymous_2)
FNF:2
FNH:0
FNDA:0,GET
FNDA:0,(anonymous_2)
DA:1,0
DA:2,0
DA:3,0
DA:5,0
DA:6,0
DA:7,0
DA:8,0
DA:9,0
DA:14,0
DA:16,0
DA:17,0
LF:11
LH:0
BRF:0
BRH:0
end_of_record
TN:
SF:src\app\api\players\route.ts
FN:5,GET
FN:33,(anonymous_4)
FN:55,POST
FNF:3
FNH:0
FNDA:0,GET
FNDA:0,(anonymous_4)
FNDA:0,POST
DA:1,0
DA:2,0
DA:3,0
DA:5,0
DA:6,0
DA:7,0
DA:8,0
DA:9,0
DA:10,0
DA:11,0
DA:12,0
DA:15,0
DA:18,0
DA:19,0
DA:23,0
DA:24,0
DA:28,0
DA:29,0
DA:32,0
DA:33,0
DA:38,0
DA:47,0
DA:48,0
DA:55,0
DA:56,0
DA:57,0
DA:62,0
DA:68,0
DA:69,0
LF:29
LH:0
BRDA:8,0,0,0
BRDA:8,0,1,0
BRDA:9,1,0,0
BRDA:9,1,1,0
BRDA:10,2,0,0
BRDA:10,2,1,0
BRDA:11,3,0,0
BRDA:11,3,1,0
BRDA:12,4,0,0
BRDA:12,4,1,0
BRDA:18,5,0,0
BRDA:23,6,0,0
BRDA:28,7,0,0
BRF:13
BRH:0
end_of_record
TN:
SF:src\app\api\players\add\route.ts
FN:5,POST
FN:76,GET
FNF:2
FNH:0
FNDA:0,POST
FNDA:0,GET
DA:1,0
DA:2,0
DA:3,0
DA:5,0
DA:6,0
DA:7,0
DA:10,0
DA:11,0
DA:18,0
DA:56,0
DA:58,0
DA:68,0
DA:69,0
DA:76,0
DA:77,0
DA:79,0
DA:97,0
DA:98,0
LF:18
LH:0
BRDA:10,0,0,0
BRDA:10,1,0,0
BRDA:10,1,1,0
BRDA:21,2,0,0
BRDA:21,2,1,0
BRDA:28,3,0,0
BRDA:28,3,1,0
BRDA:29,4,0,0
BRDA:29,4,1,0
BRDA:30,5,0,0
BRDA:30,5,1,0
BRDA:31,6,0,0
BRDA:31,6,1,0
BRDA:32,7,0,0
BRDA:32,7,1,0
BRDA:33,8,0,0
BRDA:33,8,1,0
BRDA:34,9,0,0
BRDA:34,9,1,0
BRDA:37,10,0,0
BRDA:37,10,1,0
BRDA:38,11,0,0
BRDA:38,11,1,0
BRDA:39,12,0,0
BRDA:39,12,1,0
BRDA:42,13,0,0
BRDA:42,13,1,0
BRDA:43,14,0,0
BRDA:43,14,1,0
BRDA:44,15,0,0
BRDA:44,15,1,0
BRDA:45,16,0,0
BRDA:45,16,1,0
BRDA:47,17,0,0
BRDA:47,17,1,0
BRDA:48,18,0,0
BRDA:48,18,1,0
BRDA:49,19,0,0
BRDA:49,19,1,0
BRDA:51,20,0,0
BRDA:51,20,1,0
BRDA:52,21,0,0
BRDA:52,21,1,0
BRF:43
BRH:0
end_of_record
TN:
SF:src\app\api\ratings\route.ts
FN:17,GET
FN:56,(anonymous_6)
FN:78,(anonymous_7)
FN:128,POST
FN:156,(anonymous_9)
FN:240,PATCH
FN:292,DELETE
FN:335,(anonymous_12)
FNF:8
FNH:0
FNDA:0,GET
FNDA:0,(anonymous_6)
FNDA:0,(anonymous_7)
FNDA:0,POST
FNDA:0,(anonymous_9)
FNDA:0,PATCH
FNDA:0,DELETE
FNDA:0,(anonymous_12)
DA:1,0
DA:2,0
DA:14,0
DA:17,0
DA:18,0
DA:19,0
DA:20,0
DA:21,0
DA:23,0
DA:24,0
DA:29,0
DA:31,0
DA:37,0
DA:38,0
DA:43,0
DA:49,0
DA:55,0
DA:56,0
DA:70,0
DA:71,0
DA:72,0
DA:73,0
DA:74,0
DA:75,0
DA:77,0
DA:78,0
DA:86,0
DA:87,0
DA:88,0
DA:89,0
DA:90,0
DA:93,0
DA:106,0
DA:109,0
DA:110,0
DA:111,0
DA:120,0
DA:128,0
DA:129,0
DA:130,0
DA:145,0
DA:148,0
DA:149,0
DA:155,0
DA:156,0
DA:158,0
DA:159,0
DA:165,0
DA:171,0
DA:173,0
DA:190,0
DA:192,0
DA:193,0
DA:195,0
DA:203,0
DA:207,0
DA:209,0
DA:218,0
DA:221,0
DA:222,0
DA:223,0
DA:232,0
DA:240,0
DA:241,0
DA:242,0
DA:243,0
DA:245,0
DA:246,0
DA:252,0
DA:254,0
DA:255,0
DA:261,0
DA:266,0
DA:272,0
DA:275,0
DA:276,0
DA:277,0
DA:284,0
DA:292,0
DA:293,0
DA:294,0
DA:295,0
DA:296,0
DA:297,0
DA:299,0
DA:301,0
DA:303,0
DA:304,0
DA:309,0
DA:314,0
DA:318,0
DA:320,0
DA:326,0
DA:328,0
DA:329,0
DA:335,0
DA:336,0
DA:342,0
DA:344,0
DA:349,0
DA:355,0
DA:358,0
DA:359,0
DA:360,0
DA:367,0
LF:105
LH:0
BRDA:23,0,0,0
BRDA:29,1,0,0
BRDA:29,1,1,0
BRDA:38,2,0,0
BRDA:38,2,1,0
BRDA:77,3,0,0
BRDA:79,4,0,0
BRDA:79,4,1,0
BRDA:80,5,0,0
BRDA:80,5,1,0
BRDA:81,6,0,0
BRDA:81,6,1,0
BRDA:82,7,0,0
BRDA:82,7,1,0
BRDA:83,8,0,0
BRDA:83,8,1,0
BRDA:109,9,0,0
BRDA:122,10,0,0
BRDA:122,10,1,0
BRDA:136,11,0,0
BRDA:138,12,0,0
BRDA:139,13,0,0
BRDA:140,14,0,0
BRDA:141,15,0,0
BRDA:142,16,0,0
BRDA:143,17,0,0
BRDA:144,18,0,0
BRDA:148,19,0,0
BRDA:148,20,0,0
BRDA:148,20,1,0
BRDA:148,20,2,0
BRDA:156,21,0,0
BRDA:156,21,1,0
BRDA:158,22,0,0
BRDA:176,23,0,0
BRDA:176,23,1,0
BRDA:177,24,0,0
BRDA:177,24,1,0
BRDA:185,25,0,0
BRDA:185,25,1,0
BRDA:186,26,0,0
BRDA:186,26,1,0
BRDA:190,27,0,0
BRDA:190,27,1,0
BRDA:221,28,0,0
BRDA:234,29,0,0
BRDA:234,29,1,0
BRDA:245,30,0,0
BRDA:254,31,0,0
BRDA:275,32,0,0
BRDA:286,33,0,0
BRDA:286,33,1,0
BRDA:299,34,0,0
BRDA:299,34,1,0
BRDA:303,35,0,0
BRDA:318,36,0,0
BRDA:318,36,1,0
BRDA:318,37,0,0
BRDA:318,37,1,0
BRDA:328,38,0,0
BRDA:358,39,0,0
BRDA:369,40,0,0
BRDA:369,40,1,0
BRF:63
BRH:0
end_of_record
TN:
SF:src\app\api\referrals\route.ts
FN:5,POST
FN:117,GET
FNF:2
FNH:0
FNDA:0,POST
FNDA:0,GET
DA:1,0
DA:2,0
DA:3,0
DA:5,0
DA:6,0
DA:7,0
DA:9,0
DA:10,0
DA:12,0
DA:14,0
DA:16,0
DA:17,0
DA:23,0
DA:24,0
DA:26,0
DA:28,0
DA:37,0
DA:38,0
DA:44,0
DA:46,0
DA:48,0
DA:58,0
DA:59,0
DA:65,0
DA:67,0
DA:69,0
DA:78,0
DA:79,0
DA:85,0
DA:86,0
DA:88,0
DA:90,0
DA:99,0
DA:106,0
DA:107,0
DA:117,0
DA:118,0
DA:119,0
DA:121,0
DA:122,0
DA:123,0
DA:125,0
DA:126,0
DA:127,0
DA:129,0
DA:131,0
DA:137,0
DA:138,0
DA:140,0
DA:142,0
DA:148,0
DA:154,0
DA:155,0
LF:53
LH:0
BRDA:14,0,0,0
BRDA:14,0,1,0
BRDA:14,0,2,0
BRDA:14,0,3,0
BRDA:14,0,4,0
BRDA:16,1,0,0
BRDA:37,2,0,0
BRDA:37,3,0,0
BRDA:37,3,1,0
BRDA:58,4,0,0
BRDA:58,5,0,0
BRDA:58,5,1,0
BRDA:58,5,2,0
BRDA:78,6,0,0
BRDA:110,7,0,0
BRDA:110,7,1,0
BRDA:125,8,0,0
BRDA:126,9,0,0
BRDA:126,9,1,0
BRDA:137,10,0,0
BRDA:137,11,0,0
BRDA:137,11,1,0
BRDA:158,12,0,0
BRDA:158,12,1,0
BRF:24
BRH:0
end_of_record
TN:
SF:src\app\api\security-alerts\route.ts
FN:6,POST
FN:8,(anonymous_4)
FN:29,GET
FNF:3
FNH:0
FNDA:0,POST
FNDA:0,(anonymous_4)
FNDA:0,GET
DA:1,0
DA:2,0
DA:3,0
DA:4,0
DA:6,0
DA:7,0
DA:8,0
DA:9,0
DA:11,0
DA:23,0
DA:25,0
DA:29,0
DA:30,0
LF:13
LH:0
BRDA:15,0,0,0
BRDA:15,0,1,0
BRDA:19,1,0,0
BRDA:19,1,1,0
BRDA:25,2,0,0
BRDA:25,2,1,0
BRF:6
BRH:0
end_of_record
TN:
SF:src\app\api\skipcash\route.ts
FN:13,POST
FNF:1
FNH:0
FNDA:0,POST
DA:5,0
DA:13,0
DA:14,0
LF:3
LH:0
BRDA:6,0,0,0
BRDA:6,0,1,0
BRDA:7,1,0,0
BRDA:7,1,1,0
BRDA:8,2,0,0
BRDA:8,2,1,0
BRDA:9,3,0,0
BRDA:9,3,1,0
BRDA:10,4,0,0
BRDA:10,4,1,0
BRF:10
BRH:0
end_of_record
TN:
SF:src\app\api\skipcash\cancel-subscription\route.ts
FN:1,POST
FNF:1
FNH:0
FNDA:0,POST
DA:1,0
DA:2,0
LF:2
LH:0
BRF:0
BRH:0
end_of_record
TN:
SF:src\app\api\skipcash\cards\route.ts
FN:1,GET
FNF:1
FNH:0
FNDA:0,GET
DA:1,0
DA:2,0
LF:2
LH:0
BRF:0
BRH:0
end_of_record
TN:
SF:src\app\api\skipcash\webhook\route.ts
FN:1,POST
FNF:1
FNH:0
FNDA:0,POST
DA:1,0
DA:2,0
LF:2
LH:0
BRF:0
BRH:0
end_of_record
TN:
SF:src\app\api\sms\otp-storage.ts
FN:4,normalizePhoneNumber
FN:13,storeOTP
FN:26,getOTP
FN:43,getOTPBySource
FN:61,clearOTP
FN:68,incrementAttempts
FN:72,(anonymous_13)
FN:82,getOTPStatus
FN:85,(anonymous_15)
FNF:9
FNH:0
FNDA:0,normalizePhoneNumber
FNDA:0,storeOTP
FNDA:0,getOTP
FNDA:0,getOTPBySource
FNDA:0,clearOTP
FNDA:0,incrementAttempts
FNDA:0,(anonymous_13)
FNDA:0,getOTPStatus
FNDA:0,(anonymous_15)
DA:1,0
DA:5,0
DA:6,0
DA:7,0
DA:9,0
DA:13,0
DA:14,0
DA:15,0
DA:16,0
DA:26,0
DA:27,0
DA:28,0
DA:29,0
DA:30,0
DA:31,0
DA:33,0
DA:34,0
DA:35,0
DA:36,0
DA:37,0
DA:39,0
DA:43,0
DA:44,0
DA:45,0
DA:46,0
DA:47,0
DA:48,0
DA:49,0
DA:51,0
DA:52,0
DA:53,0
DA:54,0
DA:55,0
DA:57,0
DA:61,0
DA:62,0
DA:63,0
DA:64,0
DA:68,0
DA:69,0
DA:70,0
DA:71,0
DA:72,0
DA:73,0
DA:74,0
DA:75,0
DA:76,0
DA:77,0
DA:82,0
DA:83,0
DA:84,0
DA:85,0
DA:86,0
DA:87,0
LF:54
LH:0
BRDA:6,0,0,0
BRDA:13,1,0,0
BRDA:30,2,0,0
BRDA:35,3,0,0
BRDA:47,4,0,0
BRDA:49,5,0,0
BRDA:53,6,0,0
BRDA:74,7,0,0
BRDA:76,8,0,0
BRDA:76,8,1,0
BRF:10
BRH:0
end_of_record
TN:
SF:src\app\api\sms\comprehensive-test\route.ts
FN:4,POST
FN:38,testStorage
FN:72,testRetrieval
FN:107,testClear
FN:141,testStatus
FN:152,fullTest
FNF:6
FNH:0
FNDA:0,POST
FNDA:0,testStorage
FNDA:0,testRetrieval
FNDA:0,testClear
FNDA:0,testStatus
FNDA:0,fullTest
DA:1,0
DA:2,0
DA:4,0
DA:5,0
DA:6,0
DA:7,0
DA:9,0
DA:11,0
DA:13,0
DA:15,0
DA:17,0
DA:19,0
DA:21,0
DA:23,0
DA:30,0
DA:31,0
DA:39,0
DA:42,0
DA:45,0
DA:48,0
DA:49,0
DA:51,0
DA:73,0
DA:75,0
DA:76,0
DA:77,0
DA:79,0
DA:108,0
DA:110,0
DA:116,0
DA:118,0
DA:124,0
DA:142,0
DA:143,0
DA:145,0
DA:153,0
DA:156,0
DA:159,0
DA:162,0
DA:163,0
DA:166,0
DA:169,0
DA:171,0
DA:173,0
LF:44
LH:0
BRDA:7,0,0,0
BRDA:11,1,0,0
BRDA:11,1,1,0
BRDA:11,1,2,0
BRDA:11,1,3,0
BRDA:11,1,4,0
BRDA:11,1,5,0
BRDA:59,2,0,0
BRDA:59,2,1,0
BRDA:64,3,0,0
BRDA:64,3,1,0
BRDA:83,4,0,0
BRDA:83,4,1,0
BRDA:90,5,0,0
BRDA:90,5,1,0
BRDA:97,6,0,0
BRDA:97,6,1,0
BRDA:166,7,0,0
BRDA:166,7,1,0
BRDA:184,8,0,0
BRDA:184,8,1,0
BRDA:189,9,0,0
BRDA:189,9,1,0
BRF:23
BRH:0
end_of_record
TN:
SF:src\app\api\sms\send-otp\route.ts
FN:12,POST
FN:255,GET
FNF:2
FNH:0
FNDA:0,POST
FNDA:0,GET
DA:1,0
DA:2,0
DA:3,0
DA:4,0
DA:7,0
DA:8,0
DA:9,0
DA:10,0
DA:12,0
DA:13,0
DA:15,0
DA:16,0
DA:17,0
DA:18,0
DA:23,0
DA:24,0
DA:26,0
DA:29,0
DA:30,0
DA:37,0
DA:38,0
DA:41,0
DA:42,0
DA:43,0
DA:50,0
DA:51,0
DA:52,0
DA:53,0
DA:54,0
DA:56,0
DA:66,0
DA:67,0
DA:68,0
DA:69,0
DA:70,0
DA:71,0
DA:73,0
DA:83,0
DA:84,0
DA:85,0
DA:86,0
DA:87,0
DA:88,0
DA:90,0
DA:100,0
DA:101,0
DA:102,0
DA:103,0
DA:104,0
DA:105,0
DA:107,0
DA:117,0
DA:118,0
DA:119,0
DA:125,0
DA:126,0
DA:127,0
DA:129,0
DA:130,0
DA:131,0
DA:134,0
DA:135,0
DA:136,0
DA:146,0
DA:147,0
DA:148,0
DA:149,0
DA:159,0
DA:160,0
DA:161,0
DA:164,0
DA:168,0
DA:172,0
DA:173,0
DA:174,0
DA:178,0
DA:181,0
DA:182,0
DA:185,0
DA:186,0
DA:187,0
DA:188,0
DA:189,0
DA:190,0
DA:193,0
DA:194,0
DA:195,0
DA:198,0
DA:200,0
DA:202,0
DA:203,0
DA:204,0
DA:205,0
DA:208,0
DA:217,0
DA:218,0
DA:220,0
DA:222,0
DA:225,0
DA:232,0
DA:233,0
DA:243,0
DA:244,0
DA:255,0
DA:256,0
DA:257,0
DA:258,0
DA:260,0
DA:261,0
DA:267,0
DA:268,0
DA:270,0
DA:278,0
DA:279,0
DA:281,0
LF:115
LH:0
BRDA:17,0,0,0
BRDA:24,1,0,0
BRDA:24,2,0,0
BRDA:29,3,0,0
BRDA:41,4,0,0
BRDA:51,5,0,0
BRDA:51,6,0,0
BRDA:51,6,1,0
BRDA:68,7,0,0
BRDA:68,8,0,0
BRDA:68,8,1,0
BRDA:85,9,0,0
BRDA:85,10,0,0
BRDA:85,10,1,0
BRDA:102,11,0,0
BRDA:102,12,0,0
BRDA:102,12,1,0
BRDA:118,13,0,0
BRDA:129,14,0,0
BRDA:129,14,1,0
BRDA:134,15,0,0
BRDA:146,16,0,0
BRDA:146,16,1,0
BRDA:147,17,0,0
BRDA:173,18,0,0
BRDA:185,19,0,0
BRDA:193,20,0,0
BRDA:193,20,1,0
BRDA:195,21,0,0
BRDA:195,21,1,0
BRDA:198,22,0,0
BRDA:198,22,1,0
BRDA:202,23,0,0
BRDA:202,23,1,0
BRDA:202,24,0,0
BRDA:202,24,1,0
BRDA:236,25,0,0
BRDA:236,25,1,0
BRDA:260,26,0,0
BRDA:273,27,0,0
BRDA:273,27,1,0
BRDA:274,28,0,0
BRDA:274,28,1,0
BRF:43
BRH:0
end_of_record
TN:
SF:src\app\api\sms\test-new-storage\route.ts
FN:4,POST
FNF:1
FNH:0
FNDA:0,POST
DA:1,0
DA:2,0
DA:4,0
DA:5,0
DA:6,0
DA:8,0
DA:10,0
DA:12,0
DA:13,0
DA:14,0
DA:24,0
DA:25,0
DA:26,0
DA:42,0
DA:43,0
DA:44,0
DA:61,0
DA:62,0
DA:63,0
DA:72,0
DA:73,0
DA:80,0
DA:87,0
DA:88,0
LF:24
LH:0
BRDA:10,0,0,0
BRDA:10,0,1,0
BRDA:10,0,2,0
BRDA:10,0,3,0
BRDA:10,0,4,0
BRDA:10,0,5,0
BRDA:32,1,0,0
BRDA:32,1,1,0
BRDA:51,2,0,0
BRDA:51,2,1,0
BRF:10
BRH:0
end_of_record
TN:
SF:src\app\api\sms\test-otp-storage\route.ts
FN:4,POST
FNF:1
FNH:0
FNDA:0,POST
DA:1,0
DA:2,0
DA:4,0
DA:5,0
DA:6,0
DA:7,0
DA:9,0
DA:11,0
DA:13,0
DA:14,0
DA:19,0
DA:20,0
DA:28,0
DA:29,0
DA:34,0
DA:35,0
DA:44,0
DA:45,0
DA:51,0
DA:52,0
DA:57,0
DA:58,0
DA:65,0
DA:72,0
DA:74,0
LF:25
LH:0
BRDA:11,0,0,0
BRDA:11,0,1,0
BRDA:11,0,2,0
BRDA:11,0,3,0
BRDA:11,0,4,0
BRDA:13,1,0,0
BRDA:13,2,0,0
BRDA:13,2,1,0
BRDA:28,3,0,0
BRDA:38,4,0,0
BRDA:38,4,1,0
BRDA:39,5,0,0
BRDA:39,5,1,0
BRDA:51,6,0,0
BRF:14
BRH:0
end_of_record
TN:
SF:src\app\api\sms\test-whatsapp-storage\route.ts
FN:4,POST
FNF:1
FNH:0
FNDA:0,POST
DA:1,0
DA:2,0
DA:4,0
DA:5,0
DA:6,0
DA:7,0
DA:9,0
DA:11,0
DA:12,0
DA:19,0
DA:20,0
DA:23,0
DA:26,0
DA:27,0
DA:29,0
DA:47,0
DA:48,0
LF:17
LH:0
BRDA:11,0,0,0
BRDA:11,1,0,0
BRDA:11,1,1,0
BRDA:34,2,0,0
BRDA:34,2,1,0
BRDA:39,3,0,0
BRDA:39,3,1,0
BRF:7
BRH:0
end_of_record
TN:
SF:src\app\api\sms\verify-otp\route.ts
FN:5,POST
FNF:1
FNH:0
FNDA:0,POST
DA:1,0
DA:2,0
DA:3,0
DA:5,0
DA:6,0
DA:7,0
DA:8,0
DA:9,0
DA:10,0
DA:15,0
DA:16,0
DA:17,0
DA:19,0
DA:20,0
DA:27,0
DA:29,0
DA:30,0
DA:36,0
DA:37,0
DA:44,0
DA:45,0
DA:46,0
DA:54,0
DA:55,0
DA:56,0
DA:61,0
DA:62,0
DA:63,0
DA:69,0
DA:70,0
LF:30
LH:0
BRDA:9,0,0,0
BRDA:17,1,0,0
BRDA:17,1,1,0
BRDA:19,2,0,0
BRDA:19,3,0,0
BRDA:19,3,1,0
BRDA:29,4,0,0
BRDA:36,5,0,0
BRDA:44,6,0,0
BRDA:44,6,1,0
BRDA:55,7,0,0
BRF:11
BRH:0
end_of_record
TN:
SF:src\app\api\tasks\route.ts
FN:5,GET
FN:9,(anonymous_2)
FNF:2
FNH:0
FNDA:0,GET
FNDA:0,(anonymous_2)
DA:1,0
DA:2,0
DA:3,0
DA:5,0
DA:6,0
DA:7,0
DA:8,0
DA:9,0
DA:14,0
DA:16,0
DA:17,0
LF:11
LH:0
BRF:0
BRH:0
end_of_record
TN:
SF:src\app\api\test-env\route.ts
FN:3,GET
FN:22,(anonymous_2)
FNF:2
FNH:0
FNDA:0,GET
FNDA:0,(anonymous_2)
DA:1,0
DA:3,0
DA:4,0
DA:6,0
DA:22,0
DA:25,0
DA:27,0
LF:7
LH:0
BRDA:10,0,0,0
BRDA:10,0,1,0
BRDA:17,1,0,0
BRDA:17,1,1,0
BRF:4
BRH:0
end_of_record
TN:
SF:src\app\api\test-rates\route.ts
FN:3,GET
FN:33,POST
FNF:2
FNH:0
FNDA:0,GET
FNDA:0,POST
DA:1,0
DA:3,0
DA:4,0
DA:5,0
DA:8,0
DA:20,0
DA:22,0
DA:24,0
DA:33,0
DA:34,0
LF:10
LH:0
BRDA:27,0,0,0
BRDA:27,0,1,0
BRF:2
BRH:0
end_of_record
TN:
SF:src\app\api\update-currency-rates\route.ts
FN:32,fetchLiveRates
FN:61,(anonymous_4)
FN:81,GET
FN:138,POST
FNF:4
FNH:0
FNDA:0,fetchLiveRates
FNDA:0,(anonymous_4)
FNDA:0,GET
FNDA:0,POST
DA:1,0
DA:12,0
DA:33,0
DA:34,0
DA:36,0
DA:45,0
DA:46,0
DA:49,0
DA:51,0
DA:52,0
DA:55,0
DA:58,0
DA:59,0
DA:61,0
DA:62,0
DA:63,0
DA:64,0
DA:73,0
DA:76,0
DA:77,0
DA:81,0
DA:82,0
DA:83,0
DA:86,0
DA:89,0
DA:90,0
DA:93,0
DA:102,0
DA:104,0
DA:115,0
DA:118,0
DA:138,0
DA:140,0
LF:33
LH:0
BRDA:45,0,0,0
BRDA:51,1,0,0
BRDA:63,2,0,0
BRDA:89,3,0,0
BRDA:89,3,1,0
BRDA:97,4,0,0
BRDA:97,4,1,0
BRDA:98,5,0,0
BRDA:98,5,1,0
BRDA:102,6,0,0
BRDA:102,6,1,0
BRDA:106,7,0,0
BRDA:106,7,1,0
BRDA:132,8,0,0
BRDA:132,8,1,0
BRF:15
BRH:0
end_of_record
TN:
SF:src\app\api\upload\video\route.ts
FN:5,POST
FN:112,DELETE
FNF:2
FNH:0
FNDA:0,POST
FNDA:0,DELETE
DA:1,0
DA:2,0
DA:5,0
DA:6,0
DA:7,0
DA:8,0
DA:9,0
DA:11,0
DA:12,0
DA:18,0
DA:19,0
DA:26,0
DA:27,0
DA:28,0
DA:35,0
DA:36,0
DA:37,0
DA:44,0
DA:50,0
DA:51,0
DA:52,0
DA:53,0
DA:55,0
DA:64,0
DA:72,0
DA:73,0
DA:74,0
DA:81,0
DA:85,0
DA:86,0
DA:92,0
DA:94,0
DA:104,0
DA:105,0
DA:112,0
DA:113,0
DA:114,0
DA:115,0
DA:117,0
DA:118,0
DA:125,0
DA:131,0
DA:132,0
DA:133,0
DA:139,0
DA:140,0
DA:142,0
DA:144,0
DA:148,0
DA:149,0
DA:150,0
DA:156,0
DA:158,0
DA:164,0
DA:165,0
LF:55
LH:0
BRDA:11,0,0,0
BRDA:18,1,0,0
BRDA:27,2,0,0
BRDA:36,3,0,0
BRDA:72,4,0,0
BRDA:85,5,0,0
BRDA:117,6,0,0
BRDA:132,7,0,0
BRDA:148,8,0,0
BRF:9
BRH:0
end_of_record
TN:
SF:src\app\api\whatsapp\send-official\route.ts
FN:13,POST
FN:138,(anonymous_4)
FN:163,GET
FNF:3
FNH:0
FNDA:0,POST
FNDA:0,(anonymous_4)
FNDA:0,GET
DA:1,0
DA:5,0
DA:9,0
DA:10,0
DA:11,0
DA:13,0
DA:14,0
DA:15,0
DA:18,0
DA:19,0
DA:26,0
DA:27,0
DA:28,0
DA:34,0
DA:35,0
DA:38,0
DA:39,0
DA:40,0
DA:53,0
DA:55,0
DA:56,0
DA:58,0
DA:65,0
DA:66,0
DA:69,0
DA:76,0
DA:77,0
DA:79,0
DA:80,0
DA:81,0
DA:97,0
DA:99,0
DA:100,0
DA:102,0
DA:109,0
DA:110,0
DA:113,0
DA:119,0
DA:122,0
DA:135,0
DA:138,0
DA:140,0
DA:149,0
DA:151,0
DA:163,0
DA:164,0
LF:46
LH:0
BRDA:11,0,0,0
BRDA:11,0,1,0
BRDA:18,1,0,0
BRDA:18,2,0,0
BRDA:18,2,1,0
BRDA:27,3,0,0
BRDA:34,4,0,0
BRDA:34,4,1,0
BRDA:35,5,0,0
BRDA:35,5,1,0
BRDA:35,6,0,0
BRDA:35,6,1,0
BRDA:38,7,0,0
BRDA:38,8,0,0
BRDA:38,8,1,0
BRDA:55,9,0,0
BRDA:55,9,1,0
BRDA:66,10,0,0
BRDA:66,10,1,0
BRDA:79,11,0,0
BRDA:79,12,0,0
BRDA:79,12,1,0
BRDA:99,13,0,0
BRDA:99,13,1,0
BRDA:110,14,0,0
BRDA:110,14,1,0
BRDA:125,15,0,0
BRDA:125,15,1,0
BRDA:126,16,0,0
BRDA:126,16,1,0
BRDA:127,17,0,0
BRDA:127,17,1,0
BRDA:128,18,0,0
BRDA:128,18,1,0
BRDA:155,19,0,0
BRDA:155,19,1,0
BRDA:170,20,0,0
BRDA:170,20,1,0
BRDA:174,21,0,0
BRDA:174,21,1,0
BRF:40
BRH:0
end_of_record
TN:
SF:src\app\api\whatsapp\send-otp\route.ts
FN:11,POST
FNF:1
FNH:0
FNDA:0,POST
DA:1,0
DA:2,0
DA:3,0
DA:6,0
DA:7,0
DA:8,0
DA:9,0
DA:11,0
DA:12,0
DA:14,0
DA:15,0
DA:16,0
DA:17,0
DA:22,0
DA:23,0
DA:25,0
DA:28,0
DA:29,0
DA:36,0
DA:39,0
DA:40,0
DA:47,0
DA:48,0
DA:49,0
DA:54,0
DA:55,0
DA:56,0
DA:58,0
DA:59,0
DA:60,0
DA:63,0
DA:64,0
DA:65,0
DA:75,0
DA:76,0
DA:77,0
DA:78,0
DA:88,0
DA:89,0
DA:90,0
DA:93,0
DA:97,0
DA:101,0
DA:102,0
DA:103,0
DA:107,0
DA:110,0
DA:113,0
DA:115,0
DA:116,0
DA:118,0
DA:126,0
DA:128,0
DA:138,0
DA:140,0
LF:55
LH:0
BRDA:16,0,0,0
BRDA:23,1,0,0
BRDA:28,2,0,0
BRDA:39,3,0,0
BRDA:48,4,0,0
BRDA:58,5,0,0
BRDA:58,5,1,0
BRDA:63,6,0,0
BRDA:75,7,0,0
BRDA:75,7,1,0
BRDA:76,8,0,0
BRDA:102,9,0,0
BRDA:115,10,0,0
BRDA:115,10,1,0
BRDA:131,11,0,0
BRDA:131,11,1,0
BRF:16
BRH:0
end_of_record
TN:
SF:src\app\api\whatsapp\test-config\route.ts
FN:3,GET
FN:54,getRecommendations
FNF:2
FNH:0
FNDA:0,GET
FNDA:0,getRecommendations
DA:1,0
DA:3,0
DA:4,0
DA:6,0
DA:24,0
DA:25,0
DA:26,0
DA:27,0
DA:28,0
DA:29,0
DA:30,0
DA:33,0
DA:41,0
DA:43,0
DA:55,0
DA:57,0
DA:58,0
DA:64,0
DA:65,0
DA:71,0
DA:72,0
DA:78,0
DA:79,0
DA:83,0
DA:84,0
DA:88,0
DA:89,0
DA:94,0
DA:100,0
LF:29
LH:0
BRDA:8,0,0,0
BRDA:8,0,1,0
BRDA:9,1,0,0
BRDA:9,1,1,0
BRDA:10,2,0,0
BRDA:10,2,1,0
BRDA:13,3,0,0
BRDA:13,3,1,0
BRDA:14,4,0,0
BRDA:14,4,1,0
BRDA:15,5,0,0
BRDA:15,5,1,0
BRDA:18,6,0,0
BRDA:18,6,1,0
BRDA:25,7,0,0
BRDA:25,7,1,0
BRDA:27,8,0,0
BRDA:27,8,1,0
BRDA:29,9,0,0
BRDA:57,10,0,0
BRDA:64,11,0,0
BRDA:71,12,0,0
BRDA:78,13,0,0
BRDA:78,13,1,0
BRDA:83,14,0,0
BRDA:83,14,1,0
BRDA:88,15,0,0
BRDA:88,15,1,0
BRF:28
BRH:0
end_of_record
TN:
SF:src\app\api\youtube\channel-playlists\route.ts
FN:4,parseChannelInput
FN:31,POST
FN:70,(anonymous_3)
FNF:3
FNH:0
FNDA:0,parseChannelInput
FNDA:0,POST
FNDA:0,(anonymous_3)
DA:1,0
DA:2,0
DA:5,0
DA:6,0
DA:7,0
DA:8,0
DA:10,0
DA:11,0
DA:13,0
DA:14,0
DA:15,0
DA:16,0
DA:17,0
DA:18,0
DA:21,0
DA:22,0
DA:25,0
DA:27,0
DA:31,0
DA:32,0
DA:33,0
DA:34,0
DA:35,0
DA:36,0
DA:39,0
DA:40,0
DA:42,0
DA:43,0
DA:44,0
DA:45,0
DA:46,0
DA:47,0
DA:48,0
DA:49,0
DA:50,0
DA:51,0
DA:52,0
DA:53,0
DA:54,0
DA:57,0
DA:58,0
DA:61,0
DA:62,0
DA:63,0
DA:64,0
DA:65,0
DA:66,0
DA:68,0
DA:69,0
DA:70,0
DA:79,0
DA:81,0
LF:52
LH:0
BRDA:5,0,0,0
BRDA:7,1,0,0
BRDA:7,2,0,0
BRDA:7,2,1,0
BRDA:10,3,0,0
BRDA:13,4,0,0
BRDA:17,5,0,0
BRDA:17,6,0,0
BRDA:17,6,1,0
BRDA:21,7,0,0
BRDA:21,7,1,0
BRDA:21,8,0,0
BRDA:21,8,1,0
BRDA:22,9,0,0
BRDA:22,10,0,0
BRDA:22,10,1,0
BRDA:35,11,0,0
BRDA:42,12,0,0
BRDA:43,13,0,0
BRDA:43,13,1,0
BRDA:44,14,0,0
BRDA:54,15,0,0
BRDA:54,15,1,0
BRDA:57,16,0,0
BRDA:66,17,0,0
BRDA:70,18,0,0
BRDA:70,18,1,0
BRDA:76,19,0,0
BRDA:76,19,1,0
BRDA:79,20,0,0
BRDA:79,20,1,0
BRDA:81,21,0,0
BRDA:81,21,1,0
BRF:33
BRH:0
end_of_record
TN:
SF:src\app\api\youtube\playlist-items\route.ts
FN:4,extractPlaylistId
FN:22,parseISODurationToSeconds
FN:32,POST
FN:64,(anonymous_4)
FN:76,(anonymous_5)
FN:80,(anonymous_6)
FNF:6
FNH:0
FNDA:0,extractPlaylistId
FNDA:0,parseISODurationToSeconds
FNDA:0,POST
FNDA:0,(anonymous_4)
FNDA:0,(anonymous_5)
FNDA:0,(anonymous_6)
DA:1,0
DA:2,0
DA:5,0
DA:6,0
DA:8,0
DA:9,0
DA:10,0
DA:11,0
DA:12,0
DA:13,0
DA:16,0
DA:18,0
DA:23,0
DA:24,0
DA:25,0
DA:26,0
DA:27,0
DA:28,0
DA:29,0
DA:32,0
DA:33,0
DA:34,0
DA:35,0
DA:36,0
DA:37,0
DA:40,0
DA:41,0
DA:42,0
DA:45,0
DA:46,0
DA:49,0
DA:50,0
DA:51,0
DA:52,0
DA:53,0
DA:54,0
DA:56,0
DA:57,0
DA:58,0
DA:59,0
DA:60,0
DA:62,0
DA:64,0
DA:65,0
DA:66,0
DA:67,0
DA:76,0
DA:79,0
DA:80,0
DA:81,0
DA:82,0
DA:83,0
DA:84,0
DA:85,0
DA:86,0
DA:87,0
DA:88,0
DA:89,0
DA:91,0
DA:92,0
DA:93,0
DA:94,0
DA:95,0
DA:96,0
DA:98,0
DA:99,0
DA:100,0
DA:101,0
DA:105,0
DA:107,0
DA:109,0
LF:71
LH:0
BRDA:6,0,0,0
BRDA:6,0,1,0
BRDA:9,1,0,0
BRDA:10,2,0,0
BRDA:13,3,0,0
BRDA:13,3,1,0
BRDA:23,4,0,0
BRDA:25,5,0,0
BRDA:26,6,0,0
BRDA:26,6,1,0
BRDA:27,7,0,0
BRDA:27,7,1,0
BRDA:28,8,0,0
BRDA:28,8,1,0
BRDA:36,9,0,0
BRDA:41,10,0,0
BRDA:46,11,0,0
BRDA:46,11,1,0
BRDA:54,12,0,0
BRDA:58,13,0,0
BRDA:58,14,0,0
BRDA:58,14,1,0
BRDA:59,15,0,0
BRDA:59,15,1,0
BRDA:64,16,0,0
BRDA:64,16,1,0
BRDA:66,17,0,0
BRDA:66,17,1,0
BRDA:79,18,0,0
BRDA:87,19,0,0
BRDA:87,20,0,0
BRDA:87,20,1,0
BRDA:88,21,0,0
BRDA:88,21,1,0
BRDA:89,22,0,0
BRDA:89,22,1,0
BRDA:94,23,0,0
BRDA:94,23,1,0
BRDA:101,24,0,0
BRDA:101,24,1,0
BRDA:101,24,2,0
BRDA:107,25,0,0
BRDA:107,25,1,0
BRDA:109,26,0,0
BRDA:109,26,1,0
BRF:45
BRH:0
end_of_record
TN:
SF:src\app\api\youtube\resolve\route.ts
FN:5,extractYouTubeIds
FN:23,POST
FNF:2
FNH:0
FNDA:0,extractYouTubeIds
FNDA:0,POST
DA:1,0
DA:2,0
DA:6,0
DA:7,0
DA:8,0
DA:9,0
DA:10,0
DA:12,0
DA:13,0
DA:14,0
DA:15,0
DA:16,0
DA:17,0
DA:20,0
DA:23,0
DA:24,0
DA:25,0
DA:26,0
DA:28,0
DA:29,0
DA:32,0
DA:33,0
DA:34,0
DA:35,0
DA:36,0
DA:37,0
DA:38,0
DA:46,0
DA:49,0
DA:53,0
DA:54,0
DA:58,0
DA:59,0
DA:61,0
DA:63,0
DA:64,0
DA:65,0
DA:66,0
DA:67,0
DA:68,0
DA:69,0
DA:72,0
DA:82,0
DA:83,0
DA:87,0
DA:88,0
DA:89,0
DA:99,0
DA:101,0
LF:49
LH:0
BRDA:8,0,0,0
BRDA:12,1,0,0
BRDA:13,2,0,0
BRDA:13,2,1,0
BRDA:14,3,0,0
BRDA:14,3,1,0
BRDA:16,4,0,0
BRDA:16,4,1,0
BRDA:17,5,0,0
BRDA:17,5,1,0
BRDA:26,6,0,0
BRDA:32,7,0,0
BRDA:33,8,0,0
BRDA:36,9,0,0
BRDA:53,10,0,0
BRDA:61,11,0,0
BRDA:65,12,0,0
BRDA:66,13,0,0
BRDA:66,13,1,0
BRDA:67,14,0,0
BRDA:67,14,1,0
BRDA:68,15,0,0
BRDA:68,15,1,0
BRDA:82,16,0,0
BRDA:101,17,0,0
BRDA:101,17,1,0
BRF:26
BRH:0
end_of_record
TN:
SF:src\app\auth\layout.tsx
FN:6,AuthLayout
FNF:1
FNH:0
FNDA:0,AuthLayout
DA:1,0
DA:6,0
LF:2
LH:0
BRF:0
BRH:0
end_of_record
TN:
SF:src\app\auth\forgot-password\page.tsx
FN:31,ForgotPasswordPage
FN:48,(anonymous_3)
FN:59,(anonymous_4)
FN:70,(anonymous_5)
FN:76,(anonymous_6)
FN:86,(anonymous_7)
FN:93,(anonymous_8)
FN:108,(anonymous_9)
FN:121,(anonymous_10)
FN:150,(anonymous_11)
FN:151,(anonymous_12)
FN:160,(anonymous_13)
FN:168,(anonymous_14)
FN:182,(anonymous_15)
FN:200,(anonymous_16)
FN:215,(anonymous_17)
FN:285,(anonymous_18)
FN:307,(anonymous_19)
FN:324,(anonymous_20)
FN:333,(anonymous_21)
FN:372,(anonymous_22)
FN:392,(anonymous_23)
FN:462,(anonymous_24)
FN:467,(anonymous_25)
FN:653,(anonymous_26)
FNF:25
FNH:0
FNDA:0,ForgotPasswordPage
FNDA:0,(anonymous_3)
FNDA:0,(anonymous_4)
FNDA:0,(anonymous_5)
FNDA:0,(anonymous_6)
FNDA:0,(anonymous_7)
FNDA:0,(anonymous_8)
FNDA:0,(anonymous_9)
FNDA:0,(anonymous_10)
FNDA:0,(anonymous_11)
FNDA:0,(anonymous_12)
FNDA:0,(anonymous_13)
FNDA:0,(anonymous_14)
FNDA:0,(anonymous_15)
FNDA:0,(anonymous_16)
FNDA:0,(anonymous_17)
FNDA:0,(anonymous_18)
FNDA:0,(anonymous_19)
FNDA:0,(anonymous_20)
FNDA:0,(anonymous_21)
FNDA:0,(anonymous_22)
FNDA:0,(anonymous_23)
FNDA:0,(anonymous_24)
FNDA:0,(anonymous_25)
FNDA:0,(anonymous_26)
DA:3,0
DA:4,0
DA:7,0
DA:8,0
DA:9,0
DA:13,0
DA:31,0
DA:32,0
DA:33,0
DA:34,0
DA:41,0
DA:42,0
DA:43,0
DA:44,0
DA:45,0
DA:48,0
DA:49,0
DA:51,0
DA:52,0
DA:53,0
DA:54,0
DA:55,0
DA:56,0
DA:59,0
DA:60,0
DA:61,0
DA:62,0
DA:63,0
DA:64,0
DA:65,0
DA:66,0
DA:70,0
DA:71,0
DA:74,0
DA:75,0
DA:76,0
DA:82,0
DA:83,0
DA:86,0
DA:93,0
DA:95,0
DA:96,0
DA:100,0
DA:103,0
DA:104,0
DA:108,0
DA:109,0
DA:110,0
DA:111,0
DA:112,0
DA:115,0
DA:116,0
DA:121,0
DA:123,0
DA:125,0
DA:126,0
DA:128,0
DA:129,0
DA:136,0
DA:137,0
DA:138,0
DA:141,0
DA:143,0
DA:144,0
DA:150,0
DA:151,0
DA:152,0
DA:155,0
DA:156,0
DA:157,0
DA:160,0
DA:168,0
DA:170,0
DA:171,0
DA:172,0
DA:176,0
DA:177,0
DA:178,0
DA:182,0
DA:183,0
DA:184,0
DA:185,0
DA:186,0
DA:187,0
DA:191,0
DA:192,0
DA:193,0
DA:197,0
DA:200,0
DA:202,0
DA:203,0
DA:204,0
DA:207,0
DA:208,0
DA:209,0
DA:212,0
DA:215,0
DA:216,0
DA:217,0
DA:218,0
DA:221,0
DA:222,0
DA:223,0
DA:226,0
DA:227,0
DA:229,0
DA:230,0
DA:231,0
DA:234,0
DA:235,0
DA:236,0
DA:237,0
DA:238,0
DA:240,0
DA:247,0
DA:257,0
DA:258,0
DA:259,0
DA:263,0
DA:264,0
DA:265,0
DA:267,0
DA:268,0
DA:269,0
DA:270,0
DA:271,0
DA:274,0
DA:275,0
DA:276,0
DA:277,0
DA:279,0
DA:281,0
DA:285,0
DA:286,0
DA:287,0
DA:288,0
DA:291,0
DA:292,0
DA:293,0
DA:294,0
DA:298,0
DA:299,0
DA:300,0
DA:301,0
DA:302,0
DA:303,0
DA:304,0
DA:307,0
DA:308,0
DA:311,0
DA:312,0
DA:314,0
DA:317,0
DA:318,0
DA:319,0
DA:320,0
DA:321,0
DA:324,0
DA:325,0
DA:326,0
DA:327,0
DA:328,0
DA:329,0
DA:330,0
DA:333,0
DA:334,0
DA:335,0
DA:336,0
DA:338,0
DA:339,0
DA:342,0
DA:343,0
DA:344,0
DA:345,0
DA:346,0
DA:347,0
DA:350,0
DA:351,0
DA:352,0
DA:355,0
DA:366,0
DA:368,0
DA:369,0
DA:370,0
DA:372,0
DA:373,0
DA:376,0
DA:377,0
DA:381,0
DA:382,0
DA:383,0
DA:385,0
DA:388,0
DA:392,0
DA:393,0
DA:462,0
DA:468,0
DA:653,0
LF:198
LH:0
BRDA:62,0,0,0
BRDA:74,1,0,0
BRDA:95,2,0,0
BRDA:103,3,0,0
BRDA:103,4,0,0
BRDA:103,4,1,0
BRDA:109,5,0,0
BRDA:109,5,1,0
BRDA:111,6,0,0
BRDA:115,7,0,0
BRDA:123,8,0,0
BRDA:123,9,0,0
BRDA:123,9,1,0
BRDA:133,10,0,0
BRDA:133,10,1,0
BRDA:137,11,0,0
BRDA:156,12,0,0
BRDA:163,13,0,0
BRDA:163,13,1,0
BRDA:170,14,0,0
BRDA:176,15,0,0
BRDA:183,16,0,0
BRDA:183,16,1,0
BRDA:185,17,0,0
BRDA:191,18,0,0
BRDA:202,19,0,0
BRDA:207,20,0,0
BRDA:218,21,0,0
BRDA:221,22,0,0
BRDA:221,23,0,0
BRDA:221,23,1,0
BRDA:234,24,0,0
BRDA:234,25,0,0
BRDA:234,25,1,0
BRDA:234,25,2,0
BRDA:258,26,0,0
BRDA:258,27,0,0
BRDA:258,27,1,0
BRDA:259,28,0,0
BRDA:259,28,1,0
BRDA:267,29,0,0
BRDA:267,30,0,0
BRDA:267,30,1,0
BRDA:279,31,0,0
BRDA:279,31,1,0
BRDA:291,32,0,0
BRDA:291,33,0,0
BRDA:291,33,1,0
BRDA:311,34,0,0
BRDA:311,34,1,0
BRDA:311,35,0,0
BRDA:311,35,1,0
BRDA:336,36,0,0
BRDA:342,37,0,0
BRDA:368,38,0,0
BRDA:368,38,1,0
BRDA:368,39,0,0
BRDA:368,39,1,0
BRDA:377,40,0,0
BRDA:377,40,1,0
BRDA:382,41,0,0
BRDA:382,41,1,0
BRDA:383,42,0,0
BRDA:383,42,1,0
BRDA:410,43,0,0
BRDA:419,44,0,0
BRDA:419,44,1,0
BRDA:425,45,0,0
BRDA:425,45,1,0
BRDA:441,46,0,0
BRDA:445,47,0,0
BRDA:445,47,1,0
BRDA:449,48,0,0
BRDA:485,49,0,0
BRDA:485,49,1,0
BRDA:487,50,0,0
BRDA:487,50,1,0
BRDA:491,51,0,0
BRDA:491,51,1,0
BRDA:494,52,0,0
BRDA:494,52,1,0
BRDA:498,53,0,0
BRDA:500,54,0,0
BRDA:502,55,0,0
BRDA:501,56,0,0
BRDA:501,56,1,0
BRDA:508,57,0,0
BRDA:513,58,0,0
BRDA:519,59,0,0
BRDA:525,60,0,0
BRDA:525,60,1,0
BRDA:525,60,2,0
BRDA:536,61,0,0
BRDA:536,61,1,0
BRDA:536,61,2,0
BRDA:538,62,0,0
BRDA:538,62,1,0
BRDA:538,63,0,0
BRDA:538,63,1,0
BRDA:538,63,2,0
BRDA:544,64,0,0
BRDA:570,65,0,0
BRDA:582,66,0,0
BRDA:586,67,0,0
BRDA:586,67,1,0
BRDA:590,68,0,0
BRDA:631,69,0,0
BRDA:631,69,1,0
BRDA:637,70,0,0
BRDA:666,71,0,0
BRDA:666,71,1,0
BRDA:673,72,0,0
BRDA:673,72,1,0
BRF:113
BRH:0
end_of_record
TN:
SF:src\app\auth\login\page.tsx
FN:26,LoginPage
FN:69,(anonymous_3)
FN:78,(anonymous_4)
FN:85,(anonymous_5)
FN:92,(anonymous_6)
FN:100,(anonymous_7)
FN:111,(anonymous_8)
FN:117,(anonymous_9)
FN:124,(anonymous_10)
FN:130,(anonymous_11)
FN:161,(anonymous_12)
FN:168,(anonymous_13)
FN:199,normalizePhone
FN:211,(anonymous_15)
FN:301,(anonymous_16)
FN:374,(anonymous_17)
FN:379,(anonymous_18)
FN:387,(anonymous_19)
FN:394,(anonymous_20)
FN:401,(anonymous_21)
FN:402,(anonymous_22)
FN:479,(anonymous_23)
FN:485,(anonymous_24)
FN:539,(anonymous_25)
FN:546,(anonymous_26)
FN:548,(anonymous_27)
FN:551,(anonymous_28)
FN:599,(anonymous_29)
FN:606,(anonymous_30)
FN:633,(anonymous_31)
FN:645,(anonymous_32)
FN:670,(anonymous_33)
FN:747,(anonymous_34)
FN:770,(anonymous_35)
FN:800,(anonymous_36)
FNF:35
FNH:0
FNDA:0,LoginPage
FNDA:0,(anonymous_3)
FNDA:0,(anonymous_4)
FNDA:0,(anonymous_5)
FNDA:0,(anonymous_6)
FNDA:0,(anonymous_7)
FNDA:0,(anonymous_8)
FNDA:0,(anonymous_9)
FNDA:0,(anonymous_10)
FNDA:0,(anonymous_11)
FNDA:0,(anonymous_12)
FNDA:0,(anonymous_13)
FNDA:0,normalizePhone
FNDA:0,(anonymous_15)
FNDA:0,(anonymous_16)
FNDA:0,(anonymous_17)
FNDA:0,(anonymous_18)
FNDA:0,(anonymous_19)
FNDA:0,(anonymous_20)
FNDA:0,(anonymous_21)
FNDA:0,(anonymous_22)
FNDA:0,(anonymous_23)
FNDA:0,(anonymous_24)
FNDA:0,(anonymous_25)
FNDA:0,(anonymous_26)
FNDA:0,(anonymous_27)
FNDA:0,(anonymous_28)
FNDA:0,(anonymous_29)
FNDA:0,(anonymous_30)
FNDA:0,(anonymous_31)
FNDA:0,(anonymous_32)
FNDA:0,(anonymous_33)
FNDA:0,(anonymous_34)
FNDA:0,(anonymous_35)
FNDA:0,(anonymous_36)
DA:3,0
DA:4,0
DA:17,0
DA:18,0
DA:19,0
DA:20,0
DA:22,0
DA:23,0
DA:24,0
DA:26,0
DA:27,0
DA:28,0
DA:31,0
DA:32,0
DA:38,0
DA:39,0
DA:40,0
DA:41,0
DA:42,0
DA:43,0
DA:44,0
DA:45,0
DA:48,0
DA:66,0
DA:69,0
DA:70,0
DA:71,0
DA:72,0
DA:73,0
DA:78,0
DA:79,0
DA:80,0
DA:85,0
DA:86,0
DA:87,0
DA:88,0
DA:90,0
DA:91,0
DA:92,0
DA:97,0
DA:98,0
DA:99,0
DA:100,0
DA:105,0
DA:106,0
DA:111,0
DA:112,0
DA:115,0
DA:116,0
DA:117,0
DA:121,0
DA:124,0
DA:130,0
DA:132,0
DA:133,0
DA:134,0
DA:137,0
DA:139,0
DA:141,0
DA:143,0
DA:145,0
DA:147,0
DA:149,0
DA:151,0
DA:153,0
DA:155,0
DA:156,0
DA:161,0
DA:162,0
DA:163,0
DA:164,0
DA:168,0
DA:169,0
DA:170,0
DA:173,0
DA:181,0
DA:183,0
DA:184,0
DA:187,0
DA:190,0
DA:191,0
DA:193,0
DA:194,0
DA:200,0
DA:201,0
DA:204,0
DA:205,0
DA:207,0
DA:208,0
DA:211,0
DA:212,0
DA:213,0
DA:214,0
DA:215,0
DA:217,0
DA:220,0
DA:222,0
DA:223,0
DA:224,0
DA:225,0
DA:228,0
DA:229,0
DA:230,0
DA:231,0
DA:234,0
DA:237,0
DA:238,0
DA:239,0
DA:240,0
DA:244,0
DA:245,0
DA:246,0
DA:247,0
DA:248,0
DA:252,0
DA:253,0
DA:255,0
DA:256,0
DA:257,0
DA:258,0
DA:259,0
DA:261,0
DA:264,0
DA:265,0
DA:268,0
DA:270,0
DA:273,0
DA:274,0
DA:275,0
DA:279,0
DA:280,0
DA:281,0
DA:282,0
DA:286,0
DA:287,0
DA:288,0
DA:289,0
DA:291,0
DA:293,0
DA:296,0
DA:299,0
DA:301,0
DA:302,0
DA:306,0
DA:307,0
DA:310,0
DA:311,0
DA:325,0
DA:326,0
DA:327,0
DA:335,0
DA:336,0
DA:337,0
DA:338,0
DA:345,0
DA:346,0
DA:347,0
DA:354,0
DA:355,0
DA:356,0
DA:363,0
DA:366,0
DA:369,0
DA:370,0
DA:374,0
DA:375,0
DA:376,0
DA:377,0
DA:378,0
DA:379,0
DA:380,0
DA:381,0
DA:382,0
DA:387,0
DA:388,0
DA:389,0
DA:390,0
DA:391,0
DA:394,0
DA:395,0
DA:396,0
DA:397,0
DA:398,0
DA:401,0
DA:402,0
DA:403,0
DA:407,0
DA:434,0
DA:436,0
DA:479,0
DA:485,0
DA:497,0
DA:539,0
DA:548,0
DA:549,0
DA:550,0
DA:552,0
DA:553,0
DA:599,0
DA:606,0
DA:633,0
DA:645,0
DA:671,0
DA:747,0
DA:770,0
DA:800,0
LF:206
LH:0
BRDA:31,0,0,0
BRDA:31,0,1,0
BRDA:71,1,0,0
BRDA:79,2,0,0
BRDA:79,3,0,0
BRDA:79,3,1,0
BRDA:90,4,0,0
BRDA:91,5,0,0
BRDA:91,5,1,0
BRDA:99,6,0,0
BRDA:115,7,0,0
BRDA:126,8,0,0
BRDA:126,8,1,0
BRDA:132,9,0,0
BRDA:137,10,0,0
BRDA:137,10,1,0
BRDA:137,10,2,0
BRDA:137,10,3,0
BRDA:137,10,4,0
BRDA:137,10,5,0
BRDA:137,10,6,0
BRDA:137,10,7,0
BRDA:137,10,8,0
BRDA:183,11,0,0
BRDA:183,12,0,0
BRDA:183,12,1,0
BRDA:220,13,0,0
BRDA:220,13,1,0
BRDA:222,14,0,0
BRDA:228,15,0,0
BRDA:237,16,0,0
BRDA:245,17,0,0
BRDA:256,18,0,0
BRDA:273,19,0,0
BRDA:280,20,0,0
BRDA:286,21,0,0
BRDA:288,22,0,0
BRDA:288,22,1,0
BRDA:310,23,0,0
BRDA:310,23,1,0
BRDA:311,24,0,0
BRDA:311,24,1,0
BRDA:326,25,0,0
BRDA:326,25,1,0
BRDA:326,26,0,0
BRDA:326,26,1,0
BRDA:337,27,0,0
BRDA:337,27,1,0
BRDA:346,28,0,0
BRDA:346,28,1,0
BRDA:355,29,0,0
BRDA:355,29,1,0
BRDA:366,30,0,0
BRDA:366,30,1,0
BRDA:380,31,0,0
BRDA:391,32,0,0
BRDA:391,32,1,0
BRDA:403,33,0,0
BRDA:407,34,0,0
BRDA:407,35,0,0
BRDA:407,35,1,0
BRDA:407,35,2,0
BRDA:425,36,0,0
BRDA:425,36,1,0
BRDA:434,37,0,0
BRDA:434,38,0,0
BRDA:434,38,1,0
BRDA:434,38,2,0
BRDA:436,39,0,0
BRDA:436,40,0,0
BRDA:436,40,1,0
BRDA:460,41,0,0
BRDA:460,41,1,0
BRDA:460,41,2,0
BRDA:464,42,0,0
BRDA:464,42,1,0
BRDA:522,43,0,0
BRDA:522,43,1,0
BRDA:522,43,2,0
BRDA:525,44,0,0
BRDA:525,44,1,0
BRDA:526,45,0,0
BRDA:526,45,1,0
BRDA:527,46,0,0
BRDA:527,46,1,0
BRDA:528,47,0,0
BRDA:528,47,1,0
BRDA:529,48,0,0
BRDA:529,48,1,0
BRDA:530,49,0,0
BRDA:530,49,1,0
BRDA:531,50,0,0
BRDA:531,50,1,0
BRDA:532,51,0,0
BRDA:532,51,1,0
BRDA:533,52,0,0
BRDA:533,52,1,0
BRDA:569,53,0,0
BRDA:569,53,1,0
BRDA:588,54,0,0
BRDA:616,55,0,0
BRDA:635,56,0,0
BRDA:635,56,1,0
BRDA:647,57,0,0
BRDA:647,57,1,0
BRDA:660,58,0,0
BRDA:706,59,0,0
BRDA:706,59,1,0
BRDA:707,60,0,0
BRDA:707,60,1,0
BRDA:708,61,0,0
BRDA:708,61,1,0
BRDA:736,62,0,0
BRDA:736,62,1,0
BRDA:750,63,0,0
BRDA:780,64,0,0
BRDA:780,64,1,0
BRDA:783,65,0,0
BRDA:783,65,1,0
BRDA:783,66,0,0
BRDA:783,66,1,0
BRDA:787,67,0,0
BRDA:787,67,1,0
BRDA:822,68,0,0
BRDA:822,68,1,0
BRDA:825,69,0,0
BRDA:825,69,1,0
BRF:127
BRH:0
end_of_record
TN:
SF:src\app\auth\register\page.tsx
FN:56,(anonymous_2)
FN:69,(anonymous_3)
FN:74,normalizePhone
FN:83,RegisterPage
FN:117,(anonymous_6)
FN:127,(anonymous_7)
FN:159,(anonymous_8)
FN:168,(anonymous_9)
FN:174,(anonymous_10)
FN:182,(anonymous_11)
FN:189,(anonymous_12)
FN:190,(anonymous_13)
FN:193,(anonymous_14)
FN:203,(anonymous_15)
FN:251,(anonymous_16)
FN:321,(anonymous_17)
FN:330,(anonymous_18)
FN:388,(anonymous_19)
FN:441,(anonymous_20)
FN:491,(anonymous_21)
FN:496,(anonymous_22)
FN:572,(anonymous_23)
FN:596,(anonymous_24)
FN:615,(anonymous_25)
FN:650,(anonymous_26)
FN:659,(anonymous_27)
FN:719,(anonymous_28)
FN:727,(anonymous_29)
FNF:28
FNH:0
FNDA:0,(anonymous_2)
FNDA:0,(anonymous_3)
FNDA:0,normalizePhone
FNDA:0,RegisterPage
FNDA:0,(anonymous_6)
FNDA:0,(anonymous_7)
FNDA:0,(anonymous_8)
FNDA:0,(anonymous_9)
FNDA:0,(anonymous_10)
FNDA:0,(anonymous_11)
FNDA:0,(anonymous_12)
FNDA:0,(anonymous_13)
FNDA:0,(anonymous_14)
FNDA:0,(anonymous_15)
FNDA:0,(anonymous_16)
FNDA:0,(anonymous_17)
FNDA:0,(anonymous_18)
FNDA:0,(anonymous_19)
FNDA:0,(anonymous_20)
FNDA:0,(anonymous_21)
FNDA:0,(anonymous_22)
FNDA:0,(anonymous_23)
FNDA:0,(anonymous_24)
FNDA:0,(anonymous_25)
FNDA:0,(anonymous_26)
FNDA:0,(anonymous_27)
FNDA:0,(anonymous_28)
FNDA:0,(anonymous_29)
DA:8,0
DA:9,0
DA:10,0
DA:11,0
DA:12,0
DA:13,0
DA:30,0
DA:31,0
DA:37,0
DA:56,0
DA:57,0
DA:58,0
DA:59,0
DA:60,0
DA:61,0
DA:62,0
DA:63,0
DA:64,0
DA:69,0
DA:70,0
DA:71,0
DA:76,0
DA:78,0
DA:80,0
DA:83,0
DA:84,0
DA:85,0
DA:86,0
DA:88,0
DA:101,0
DA:102,0
DA:103,0
DA:104,0
DA:105,0
DA:106,0
DA:107,0
DA:108,0
DA:109,0
DA:110,0
DA:111,0
DA:112,0
DA:113,0
DA:114,0
DA:117,0
DA:118,0
DA:119,0
DA:120,0
DA:122,0
DA:123,0
DA:125,0
DA:126,0
DA:127,0
DA:128,0
DA:129,0
DA:130,0
DA:135,0
DA:136,0
DA:137,0
DA:139,0
DA:142,0
DA:144,0
DA:149,0
DA:159,0
DA:160,0
DA:161,0
DA:162,0
DA:163,0
DA:168,0
DA:169,0
DA:172,0
DA:173,0
DA:174,0
DA:178,0
DA:179,0
DA:182,0
DA:189,0
DA:190,0
DA:191,0
DA:193,0
DA:203,0
DA:205,0
DA:206,0
DA:207,0
DA:211,0
DA:212,0
DA:213,0
DA:217,0
DA:218,0
DA:219,0
DA:223,0
DA:224,0
DA:225,0
DA:228,0
DA:229,0
DA:230,0
DA:233,0
DA:234,0
DA:235,0
DA:238,0
DA:239,0
DA:240,0
DA:243,0
DA:244,0
DA:245,0
DA:248,0
DA:251,0
DA:252,0
DA:253,0
DA:254,0
DA:256,0
DA:257,0
DA:259,0
DA:261,0
DA:263,0
DA:265,0
DA:278,0
DA:280,0
DA:281,0
DA:284,0
DA:287,0
DA:300,0
DA:301,0
DA:304,0
DA:305,0
DA:306,0
DA:308,0
DA:311,0
DA:312,0
DA:313,0
DA:315,0
DA:317,0
DA:321,0
DA:322,0
DA:323,0
DA:324,0
DA:325,0
DA:326,0
DA:327,0
DA:330,0
DA:331,0
DA:332,0
DA:334,0
DA:336,0
DA:337,0
DA:338,0
DA:341,0
DA:344,0
DA:345,0
DA:348,0
DA:351,0
DA:352,0
DA:353,0
DA:354,0
DA:355,0
DA:357,0
DA:367,0
DA:379,0
DA:382,0
DA:383,0
DA:384,0
DA:385,0
DA:387,0
DA:388,0
DA:389,0
DA:390,0
DA:394,0
DA:395,0
DA:396,0
DA:398,0
DA:401,0
DA:442,0
DA:491,0
DA:497,0
DA:572,0
DA:596,0
DA:615,0
DA:650,0
DA:659,0
DA:721,0
DA:722,0
DA:723,0
DA:724,0
DA:728,0
LF:183
LH:0
BRDA:57,0,0,0
BRDA:57,0,1,0
BRDA:57,0,2,0
BRDA:57,0,3,0
BRDA:57,0,4,0
BRDA:57,0,5,0
BRDA:57,0,6,0
BRDA:118,1,0,0
BRDA:122,2,0,0
BRDA:126,3,0,0
BRDA:126,4,0,0
BRDA:126,4,1,0
BRDA:136,5,0,0
BRDA:136,5,1,0
BRDA:161,6,0,0
BRDA:172,7,0,0
BRDA:184,8,0,0
BRDA:184,8,1,0
BRDA:196,9,0,0
BRDA:196,9,1,0
BRDA:197,10,0,0
BRDA:197,10,1,0
BRDA:198,11,0,0
BRDA:198,11,1,0
BRDA:205,12,0,0
BRDA:211,13,0,0
BRDA:217,14,0,0
BRDA:223,15,0,0
BRDA:228,16,0,0
BRDA:233,17,0,0
BRDA:238,18,0,0
BRDA:243,19,0,0
BRDA:254,20,0,0
BRDA:280,21,0,0
BRDA:280,22,0,0
BRDA:280,22,1,0
BRDA:281,23,0,0
BRDA:281,23,1,0
BRDA:308,24,0,0
BRDA:308,24,1,0
BRDA:308,25,0,0
BRDA:308,25,1,0
BRDA:312,26,0,0
BRDA:312,26,1,0
BRDA:313,27,0,0
BRDA:313,27,1,0
BRDA:337,28,0,0
BRDA:344,29,0,0
BRDA:351,30,0,0
BRDA:351,30,1,0
BRDA:352,31,0,0
BRDA:352,31,1,0
BRDA:374,32,0,0
BRDA:374,32,1,0
BRDA:395,33,0,0
BRDA:395,33,1,0
BRDA:396,34,0,0
BRDA:396,34,1,0
BRDA:406,35,0,0
BRDA:406,35,1,0
BRDA:424,36,0,0
BRDA:428,37,0,0
BRDA:428,37,1,0
BRDA:432,38,0,0
BRDA:445,39,0,0
BRDA:445,39,1,0
BRDA:458,40,0,0
BRDA:458,40,1,0
BRDA:459,41,0,0
BRDA:459,41,1,0
BRDA:509,42,0,0
BRDA:518,43,0,0
BRDA:518,43,1,0
BRDA:525,44,0,0
BRDA:525,44,1,0
BRDA:525,45,0,0
BRDA:525,45,1,0
BRDA:526,46,0,0
BRDA:526,46,1,0
BRDA:528,47,0,0
BRDA:528,47,1,0
BRDA:531,48,0,0
BRDA:533,49,0,0
BRDA:535,50,0,0
BRDA:534,51,0,0
BRDA:534,51,1,0
BRDA:541,52,0,0
BRDA:543,53,0,0
BRDA:543,53,1,0
BRDA:544,54,0,0
BRDA:544,54,1,0
BRDA:545,55,0,0
BRDA:545,55,1,0
BRDA:549,56,0,0
BRDA:560,57,0,0
BRDA:560,57,1,0
BRDA:575,58,0,0
BRDA:585,59,0,0
BRDA:585,59,1,0
BRDA:599,60,0,0
BRDA:623,61,0,0
BRDA:623,61,1,0
BRDA:623,61,2,0
BRDA:625,62,0,0
BRDA:625,62,1,0
BRDA:631,63,0,0
BRDA:644,64,0,0
BRDA:704,65,0,0
BRDA:704,65,1,0
BRDA:722,66,0,0
BRF:110
BRH:0
end_of_record
TN:
SF:src\app\contact\page.tsx
FN:5,ContactPage
FN:7,(anonymous_3)
FNF:2
FNH:0
FNDA:0,ContactPage
FNDA:0,(anonymous_3)
DA:2,0
DA:3,0
DA:5,0
DA:6,0
DA:7,0
DA:8,0
DA:9,0
DA:11,0
LF:8
LH:0
BRDA:8,0,0,0
BRDA:8,0,1,0
BRDA:8,1,0,0
BRDA:8,1,1,0
BRF:4
BRH:0
end_of_record
TN:
SF:src\app\dashboard\layout.tsx
FN:12,(anonymous_5)
FN:12,(anonymous_6)
FN:21,(anonymous_9)
FN:21,(anonymous_10)
FN:25,(anonymous_13)
FN:36,(anonymous_14)
FN:36,(anonymous_15)
FN:46,DashboardLayout
FN:56,(anonymous_19)
FN:100,(anonymous_20)
FNF:10
FNH:0
FNDA:0,(anonymous_5)
FNDA:0,(anonymous_6)
FNDA:0,(anonymous_9)
FNDA:0,(anonymous_10)
FNDA:0,(anonymous_13)
FNDA:0,(anonymous_14)
FNDA:0,(anonymous_15)
FNDA:0,DashboardLayout
FNDA:0,(anonymous_19)
FNDA:0,(anonymous_20)
DA:3,0
DA:4,0
DA:5,0
DA:6,0
DA:7,0
DA:8,0
DA:9,0
DA:12,0
DA:21,0
DA:26,0
DA:36,0
DA:46,0
DA:51,0
DA:52,0
DA:53,0
DA:56,0
DA:57,0
DA:58,0
DA:63,0
DA:77,0
DA:89,0
DA:100,0
DA:101,0
LF:23
LH:0
BRDA:57,0,0,0
BRDA:63,1,0,0
BRDA:64,2,0,0
BRDA:64,2,1,0
BRDA:64,2,2,0
BRDA:64,2,3,0
BRDA:64,2,4,0
BRDA:64,2,5,0
BRDA:64,2,6,0
BRDA:64,2,7,0
BRDA:77,3,0,0
BRDA:89,4,0,0
BRDA:101,5,0,0
BRDA:140,6,0,0
BRDA:140,6,1,0
BRDA:149,7,0,0
BRDA:149,7,1,0
BRDA:149,8,0,0
BRDA:149,8,1,0
BRF:19
BRH:0
end_of_record
TN:
SF:src\app\dashboard\page.tsx
FN:7,Dashboard
FN:11,(anonymous_2)
FNF:2
FNH:0
FNDA:0,Dashboard
FNDA:0,(anonymous_2)
DA:3,0
DA:4,0
DA:5,0
DA:7,0
DA:8,0
DA:9,0
DA:11,0
DA:12,0
DA:14,0
DA:15,0
DA:16,0
DA:19,0
DA:20,0
DA:23,0
DA:25,0
DA:27,0
DA:28,0
DA:30,0
DA:34,0
DA:35,0
DA:39,0
DA:40,0
DA:44,0
LF:23
LH:0
BRDA:12,0,0,0
BRDA:14,1,0,0
BRDA:19,2,0,0
BRDA:19,2,1,0
BRDA:25,3,0,0
BRDA:25,3,1,0
BRDA:27,4,0,0
BRDA:27,4,1,0
BRDA:44,5,0,0
BRF:9
BRH:0
end_of_record
TN:
[...]
BRDA:193,32,1,0
BRDA:224,33,0,0
BRDA:224,34,0,0
BRDA:224,34,1,0
BRDA:232,35,0,0
BRDA:232,36,0,0
BRDA:232,36,1,0
BRDA:234,37,0,0
BRDA:234,38,0,0
BRDA:234,38,1,0
BRDA:252,39,0,0
BRF:59
BRH:0
end_of_record
TN:
SF:src\lib\whatsapp\beon-whatsapp-service.ts
FN:24,(anonymous_1)
FN:32,(anonymous_2)
FN:42,(anonymous_3)
FN:68,(anonymous_4)
FN:80,(anonymous_5)
FN:149,(anonymous_6)
FN:189,(anonymous_7)
FN:204,(anonymous_8)
FN:211,(anonymous_9)
FN:217,sendBeOnWhatsAppOTP
FNF:10
FNH:0
FNDA:0,(anonymous_1)
FNDA:0,(anonymous_2)
FNDA:0,(anonymous_3)
FNDA:0,(anonymous_4)
FNDA:0,(anonymous_5)
FNDA:0,(anonymous_6)
FNDA:0,(anonymous_7)
FNDA:0,(anonymous_8)
FNDA:0,(anonymous_9)
FNDA:0,sendBeOnWhatsAppOTP
DA:25,0
DA:33,0
DA:34,0
DA:35,0
DA:36,0
DA:38,0
DA:43,0
DA:45,0
DA:46,0
DA:49,0
DA:50,0
DA:51,0
DA:53,0
DA:54,0
DA:55,0
DA:57,0
DA:58,0
DA:61,0
DA:62,0
DA:63,0
DA:69,0
DA:70,0
DA:81,0
DA:82,0
DA:85,0
DA:87,0
DA:88,0
DA:89,0
DA:90,0
DA:91,0
DA:92,0
DA:94,0
DA:101,0
DA:109,0
DA:110,0
DA:111,0
DA:113,0
DA:114,0
DA:115,0
DA:121,0
DA:124,0
DA:125,0
DA:126,0
DA:127,0
DA:128,0
DA:136,0
DA:142,0
DA:143,0
DA:144,0
DA:150,0
DA:151,0
DA:152,0
DA:153,0
DA:154,0
DA:155,0
DA:156,0
DA:158,0
DA:166,0
DA:168,0
DA:169,0
DA:170,0
DA:175,0
DA:176,0
DA:182,0
DA:183,0
DA:184,0
DA:191,0
DA:194,0
DA:195,0
DA:197,0
DA:200,0
DA:205,0
DA:207,0
DA:212,0
DA:217,0
DA:218,0
DA:219,0
LF:77
LH:0
BRDA:26,0,0,0
BRDA:26,0,1,0
BRDA:26,0,2,0
BRDA:34,1,0,0
BRDA:36,2,0,0
BRDA:36,2,1,0
BRDA:45,3,0,0
BRDA:53,4,0,0
BRDA:53,4,1,0
BRDA:62,5,0,0
BRDA:62,5,1,0
BRDA:69,6,0,0
BRDA:69,6,1,0
BRDA:81,7,0,0
BRDA:90,8,0,0
BRDA:90,8,1,0
BRDA:96,9,0,0
BRDA:96,9,1,0
BRDA:113,10,0,0
BRDA:113,10,1,0
BRDA:113,11,0,0
BRDA:113,11,1,0
BRDA:117,12,0,0
BRDA:117,12,1,0
BRDA:124,13,0,0
BRDA:127,14,0,0
BRDA:138,15,0,0
BRDA:138,15,1,0
BRDA:143,16,0,0
BRDA:143,16,1,0
BRDA:168,17,0,0
BRDA:168,17,1,0
BRDA:168,18,0,0
BRDA:168,18,1,0
BRDA:178,19,0,0
BRDA:178,19,1,0
BRDA:183,20,0,0
BRDA:183,20,1,0
BRDA:194,21,0,0
BRDA:194,21,1,0
BRF:40
BRH:0
end_of_record
TN:
SF:src\lib\whatsapp\smart-otp-service.ts
FN:20,(anonymous_3)
FN:26,(anonymous_4)
FN:40,(anonymous_5)
FN:53,(anonymous_6)
FN:92,(anonymous_7)
FN:155,(anonymous_8)
FN:239,(anonymous_9)
FN:247,(anonymous_10)
FN:294,(anonymous_11)
FN:362,(anonymous_12)
FN:375,(anonymous_13)
FN:385,sendSmartOTP
FNF:12
FNH:0
FNDA:0,(anonymous_3)
FNDA:0,(anonymous_4)
FNDA:0,(anonymous_5)
FNDA:0,(anonymous_6)
FNDA:0,(anonymous_7)
FNDA:0,(anonymous_8)
FNDA:0,(anonymous_9)
FNDA:0,(anonymous_10)
FNDA:0,(anonymous_11)
FNDA:0,(anonymous_12)
FNDA:0,(anonymous_13)
FNDA:0,sendSmartOTP
DA:22,0
DA:27,0
DA:28,0
DA:29,0
DA:30,0
DA:31,0
DA:33,0
DA:34,0
DA:36,0
DA:41,0
DA:44,0
DA:45,0
DA:49,0
DA:54,0
DA:60,0
DA:61,0
DA:67,0
DA:68,0
DA:70,0
DA:71,0
DA:73,0
DA:75,0
DA:77,0
DA:79,0
DA:82,0
DA:83,0
DA:84,0
DA:93,0
DA:95,0
DA:97,0
DA:100,0
DA:124,0
DA:133,0
DA:134,0
DA:136,0
DA:137,0
DA:138,0
DA:145,0
DA:146,0
DA:149,0
DA:150,0
DA:156,0
DA:158,0
DA:160,0
DA:163,0
DA:187,0
DA:188,0
DA:189,0
DA:190,0
DA:191,0
DA:192,0
DA:193,0
DA:194,0
DA:196,0
DA:205,0
DA:206,0
DA:208,0
DA:209,0
DA:211,0
DA:212,0
DA:213,0
DA:214,0
DA:215,0
DA:222,0
DA:223,0
DA:224,0
DA:230,0
DA:231,0
DA:240,0
DA:242,0
DA:244,0
DA:247,0
DA:250,0
DA:252,0
DA:253,0
DA:254,0
DA:260,0
DA:261,0
DA:262,0
DA:269,0
DA:270,0
DA:271,0
DA:279,0
DA:285,0
DA:286,0
DA:295,0
DA:297,0
DA:299,0
DA:302,0
DA:326,0
DA:335,0
DA:337,0
DA:338,0
DA:339,0
DA:347,0
DA:353,0
DA:354,0
DA:363,0
DA:365,0
DA:366,0
DA:368,0
DA:371,0
DA:376,0
DA:377,0
DA:382,0
DA:385,0
DA:386,0
LF:107
LH:0
BRDA:22,0,0,0
BRDA:22,0,1,0
BRDA:22,0,2,0
BRDA:30,1,0,0
BRDA:30,1,1,0
BRDA:31,2,0,0
BRDA:31,2,1,0
BRDA:33,3,0,0
BRDA:44,4,0,0
BRDA:44,5,0,0
BRDA:44,5,1,0
BRDA:60,6,0,0
BRDA:71,7,0,0
BRDA:71,7,1,0
BRDA:71,7,2,0
BRDA:71,7,3,0
BRDA:83,8,0,0
BRDA:83,8,1,0
BRDA:136,9,0,0
BRDA:136,9,1,0
BRDA:136,10,0,0
BRDA:136,10,1,0
BRDA:189,11,0,0
BRDA:189,11,1,0
BRDA:211,12,0,0
BRDA:211,12,1,0
BRDA:211,13,0,0
BRDA:211,13,1,0
BRDA:226,14,0,0
BRDA:226,14,1,0
BRDA:233,15,0,0
BRDA:233,15,1,0
BRDA:252,16,0,0
BRDA:252,16,1,0
BRDA:252,17,0,0
BRDA:252,17,1,0
BRDA:256,18,0,0
BRDA:256,18,1,0
BRDA:260,19,0,0
BRDA:260,19,1,0
BRDA:269,20,0,0
BRDA:269,20,1,0
BRDA:288,21,0,0
BRDA:288,21,1,0
BRDA:337,22,0,0
BRDA:337,22,1,0
BRDA:337,23,0,0
BRDA:337,23,1,0
BRDA:349,24,0,0
BRDA:349,24,1,0
BRDA:356,25,0,0
BRDA:356,25,1,0
BRDA:365,26,0,0
BRDA:365,26,1,0
BRF:54
BRH:0
end_of_record
TN:
SF:src\lib\whatsapp\whatsapp-service.ts
FN:21,normalizePhone
FN:30,(anonymous_4)
FN:41,(anonymous_5)
FN:62,(anonymous_6)
FN:78,(anonymous_7)
FN:90,(anonymous_8)
FN:95,(anonymous_9)
FN:114,(anonymous_10)
FN:130,(anonymous_11)
FN:157,(anonymous_12)
FN:190,(anonymous_13)
FN:221,(anonymous_14)
FN:253,(anonymous_15)
FNF:13
FNH:0
FNDA:0,normalizePhone
FNDA:0,(anonymous_4)
FNDA:0,(anonymous_5)
FNDA:0,(anonymous_6)
FNDA:0,(anonymous_7)
FNDA:0,(anonymous_8)
FNDA:0,(anonymous_9)
FNDA:0,(anonymous_10)
FNDA:0,(anonymous_11)
FNDA:0,(anonymous_12)
FNDA:0,(anonymous_13)
FNDA:0,(anonymous_14)
FNDA:0,(anonymous_15)
DA:22,0
DA:23,0
DA:24,0
DA:31,0
DA:42,0
DA:43,0
DA:44,0
DA:45,0
DA:46,0
DA:47,0
DA:49,0
DA:51,0
DA:52,0
DA:53,0
DA:54,0
DA:55,0
DA:57,0
DA:63,0
DA:65,0
DA:66,0
DA:68,0
DA:69,0
DA:70,0
DA:72,0
DA:73,0
DA:79,0
DA:80,0
DA:91,0
DA:97,0
DA:100,0
DA:101,0
DA:102,0
DA:103,0
DA:104,0
DA:106,0
DA:110,0
DA:116,0
DA:117,0
DA:121,0
DA:122,0
DA:123,0
DA:126,0
DA:131,0
DA:132,0
DA:135,0
DA:137,0
DA:138,0
DA:141,0
DA:143,0
DA:144,0
DA:145,0
DA:147,0
DA:150,0
DA:151,0
DA:152,0
DA:158,0
DA:159,0
DA:173,0
DA:175,0
DA:176,0
DA:177,0
DA:179,0
DA:180,0
DA:183,0
DA:184,0
DA:185,0
DA:191,0
DA:192,0
DA:204,0
DA:206,0
DA:207,0
DA:208,0
DA:210,0
DA:211,0
DA:214,0
DA:215,0
DA:216,0
DA:222,0
DA:223,0
DA:226,0
DA:227,0
DA:228,0
DA:230,0
DA:231,0
DA:232,0
DA:234,0
DA:235,0
DA:237,0
DA:241,0
DA:243,0
DA:251,0
DA:252,0
DA:253,0
LF:93
LH:0
BRDA:42,0,0,0
BRDA:42,0,1,0
BRDA:43,1,0,0
BRDA:43,1,1,0
BRDA:44,2,0,0
BRDA:46,3,0,0
BRDA:46,3,1,0
BRDA:47,4,0,0
BRDA:47,4,1,0
BRDA:51,5,0,0
BRDA:51,5,1,0
BRDA:52,6,0,0
BRDA:54,7,0,0
BRDA:54,7,1,0
BRDA:55,8,0,0
BRDA:55,8,1,0
BRDA:68,9,0,0
BRDA:68,9,1,0
BRDA:79,10,0,0
BRDA:79,10,1,0
BRDA:100,11,0,0
BRDA:101,12,0,0
BRDA:101,12,1,0
BRDA:103,13,0,0
BRDA:103,13,1,0
BRDA:116,14,0,0
BRDA:122,15,0,0
BRDA:122,16,0,0
BRDA:122,16,1,0
BRDA:131,17,0,0
BRDA:137,18,0,0
BRDA:141,19,0,0
BRDA:141,19,1,0
BRDA:144,20,0,0
BRDA:144,20,1,0
BRDA:151,21,0,0
BRDA:151,21,1,0
BRDA:175,22,0,0
BRDA:175,22,1,0
BRDA:175,23,0,0
BRDA:175,23,1,0
BRDA:180,24,0,0
BRDA:180,24,1,0
BRDA:184,25,0,0
BRDA:184,25,1,0
BRDA:206,26,0,0
BRDA:206,26,1,0
BRDA:206,27,0,0
BRDA:206,27,1,0
BRDA:211,28,0,0
BRDA:211,28,1,0
BRDA:215,29,0,0
BRDA:215,29,1,0
BRDA:222,30,0,0
BRDA:234,31,0,0
BRDA:234,31,1,0
BRDA:246,32,0,0
BRDA:246,32,1,0
BRF:58
BRH:0
end_of_record
TN:
SF:src\lib\youtube\config.ts
FN:6,getYouTubeApiKey
FNF:1
FNH:0
FNDA:0,getYouTubeApiKey
DA:1,0
DA:2,0
DA:6,0
DA:7,0
DA:10,0
DA:11,0
DA:12,0
DA:13,0
DA:16,0
DA:18,0
DA:19,0
DA:20,0
DA:21,0
DA:22,0
DA:24,0
DA:25,0
LF:16
LH:0
BRDA:7,0,0,0
BRDA:11,1,0,0
BRDA:20,2,0,0
BRDA:20,2,1,0
BRDA:20,2,2,0
BRF:5
BRH:0
end_of_record
TN:
SF:src\middleware\imageErrorHandler.ts
FN:12,imageErrorHandler
FN:42,(anonymous_5)
FN:61,validateImageResponse
FN:85,sanitizeImageHeaders
FN:99,(anonymous_8)
FNF:5
FNH:0
FNDA:0,imageErrorHandler
FNDA:0,(anonymous_5)
FNDA:0,validateImageResponse
FNDA:0,sanitizeImageHeaders
FNDA:0,(anonymous_8)
DA:6,0
DA:12,0
DA:13,0
DA:14,0
DA:15,0
DA:18,0
DA:19,0
DA:23,0
DA:36,0
DA:39,0
DA:42,0
DA:44,0
DA:45,0
DA:46,0
DA:50,0
DA:52,0
DA:54,0
DA:61,0
DA:62,0
DA:64,0
DA:67,0
DA:70,0
DA:75,0
DA:77,0
DA:78,0
DA:85,0
DA:86,0
DA:87,0
DA:90,0
DA:99,0
DA:100,0
DA:101,0
DA:102,0
DA:107,0
DA:108,0
DA:110,0
DA:112,0
DA:113,0
LF:38
LH:0
BRDA:18,0,0,0
BRDA:36,1,0,0
BRDA:36,2,0,0
BRDA:36,2,1,0
BRDA:36,2,2,0
BRDA:44,3,0,0
BRDA:64,4,0,0
BRDA:64,5,0,0
BRDA:64,5,1,0
BRDA:64,5,2,0
BRDA:75,6,0,0
BRDA:75,6,1,0
BRDA:75,6,2,0
BRDA:101,7,0,0
BRF:14
BRH:0
end_of_record
TN:
SF:src\middleware\imageFilter.ts
FN:19,(anonymous_3)
FN:29,(anonymous_4)
FN:35,imageFilterMiddleware
FNF:3
FNH:0
FNDA:0,(anonymous_3)
FNDA:0,(anonymous_4)
FNDA:0,imageFilterMiddleware
DA:1,0
DA:4,0
DA:19,0
DA:20,0
DA:23,0
DA:26,0
DA:29,0
DA:35,0
DA:36,0
DA:37,0
DA:40,0
DA:41,0
DA:43,0
DA:44,0
DA:47,0
DA:48,0
DA:51,0
DA:52,0
DA:53,0
DA:54,0
DA:56,0
DA:61,0
DA:63,0
DA:65,0
DA:69,0
LF:25
LH:0
BRDA:20,0,0,0
BRDA:20,1,0,0
BRDA:20,1,1,0
BRDA:23,2,0,0
BRDA:23,3,0,0
BRDA:23,3,1,0
BRDA:23,3,2,0
BRDA:29,4,0,0
BRDA:29,4,1,0
BRDA:29,4,2,0
BRDA:29,4,3,0
BRDA:40,5,0,0
BRDA:43,6,0,0
BRDA:47,7,0,0
BRDA:47,8,0,0
BRDA:47,8,1,0
BRF:16
BRH:0
end_of_record
TN:
SF:src\types\referral.ts
FNF:0
FNH:0
DA:141,0
DA:255,0
LF:2
LH:0
BRF:0
BRH:0
end_of_record
TN:
SF:src\utils\account-type-debugger.ts
FN:17,debugAccountType
FN:93,debugCurrentUser
FN:97,(anonymous_8)
FN:98,(anonymous_9)
FN:100,(anonymous_10)
FNF:5
FNH:0
FNDA:0,debugAccountType
FNDA:0,debugCurrentUser
FNDA:0,(anonymous_8)
FNDA:0,(anonymous_9)
FNDA:0,(anonymous_10)
DA:2,0
DA:3,0
DA:17,0
DA:18,0
DA:27,0
DA:29,0
DA:30,0
DA:31,0
DA:33,0
DA:34,0
DA:35,0
DA:36,0
DA:37,0
DA:39,0
DA:43,0
DA:51,0
DA:52,0
DA:53,0
DA:54,0
DA:56,0
DA:57,0
DA:58,0
DA:59,0
DA:62,0
DA:63,0
DA:66,0
DA:68,0
DA:73,0
DA:74,0
DA:75,0
DA:76,0
DA:77,0
DA:78,0
DA:80,0
DA:83,0
DA:86,0
DA:87,0
DA:88,0
DA:93,0
DA:94,0
DA:97,0
DA:98,0
DA:100,0
DA:101,0
DA:102,0
DA:103,0
DA:104,0
DA:105,0
DA:106,0
DA:109,0
DA:110,0
DA:116,0
DA:117,0
DA:121,0
DA:126,0
DA:127,0
DA:128,0
LF:57
LH:0
BRDA:33,0,0,0
BRDA:33,0,1,0
BRDA:56,1,0,0
BRDA:56,1,1,0
BRDA:62,2,0,0
BRDA:73,3,0,0
BRDA:73,3,1,0
BRDA:73,4,0,0
BRDA:73,4,1,0
BRDA:75,5,0,0
BRDA:75,5,1,0
BRDA:75,6,0,0
BRDA:75,6,1,0
BRDA:77,7,0,0
BRDA:77,7,1,0
BRDA:77,8,0,0
BRDA:77,8,1,0
BRDA:87,9,0,0
BRDA:87,9,1,0
BRDA:94,10,0,0
BRDA:101,11,0,0
BRDA:103,12,0,0
BRDA:103,12,1,0
BRDA:116,13,0,0
BRDA:116,14,0,0
BRDA:116,14,1,0
BRF:26
BRH:0
end_of_record
TN:
SF:src\utils\console-filter.ts
FN:106,(anonymous_3)
FN:113,(anonymous_4)
FN:115,(anonymous_5)
FN:119,(anonymous_6)
FN:132,(anonymous_7)
FN:145,(anonymous_8)
FN:169,(anonymous_9)
FN:170,(anonymous_10)
FN:182,(anonymous_11)
FNF:9
FNH:0
FNDA:0,(anonymous_3)
FNDA:0,(anonymous_4)
FNDA:0,(anonymous_5)
FNDA:0,(anonymous_6)
FNDA:0,(anonymous_7)
FNDA:0,(anonymous_8)
FNDA:0,(anonymous_9)
FNDA:0,(anonymous_10)
FNDA:0,(anonymous_11)
DA:7,0
DA:106,0
DA:108,0
DA:109,0
DA:110,0
DA:113,0
DA:114,0
DA:115,0
DA:119,0
DA:120,0
DA:123,0
DA:124,0
DA:128,0
DA:132,0
DA:133,0
DA:136,0
DA:137,0
DA:141,0
DA:145,0
DA:146,0
DA:149,0
DA:150,0
DA:154,0
DA:155,0
DA:158,0
DA:162,0
DA:166,0
DA:168,0
DA:169,0
DA:170,0
DA:172,0
DA:173,0
DA:175,0
DA:182,0
DA:183,0
DA:186,0
DA:188,0
DA:189,0
DA:190,0
DA:191,0
DA:192,0
DA:193,0
DA:194,0
DA:195,0
DA:200,0
LF:45
LH:0
BRDA:123,0,0,0
BRDA:136,1,0,0
BRDA:149,2,0,0
BRDA:154,3,0,0
BRDA:155,4,0,0
BRDA:155,5,0,0
BRDA:155,5,1,0
BRDA:155,5,2,0
BRDA:166,6,0,0
BRDA:172,7,0,0
BRDA:172,8,0,0
BRDA:172,8,1,0
BRDA:172,8,2,0
BRDA:186,9,0,0
BRDA:188,10,0,0
BRF:15
BRH:0
end_of_record
TN:
SF:src\utils\image-compression.ts
FN:15,compressImage
FN:19,(anonymous_5)
FN:37,(anonymous_6)
FN:61,(anonymous_7)
FN:90,(anonymous_8)
FN:102,smartCompress
FN:156,getImageDimensions
FN:157,(anonymous_11)
FN:160,(anonymous_12)
FN:167,(anonymous_13)
FNF:10
FNH:0
FNDA:0,compressImage
FNDA:0,(anonymous_5)
FNDA:0,(anonymous_6)
FNDA:0,(anonymous_7)
FNDA:0,(anonymous_8)
FNDA:0,smartCompress
FNDA:0,getImageDimensions
FNDA:0,(anonymous_11)
FNDA:0,(anonymous_12)
FNDA:0,(anonymous_13)
DA:15,0
DA:19,0
DA:25,0
DA:28,0
DA:29,0
DA:30,0
DA:33,0
DA:34,0
DA:35,0
DA:37,0
DA:39,0
DA:41,0
DA:42,0
DA:43,0
DA:44,0
DA:48,0
DA:49,0
DA:51,0
DA:52,0
DA:53,0
DA:57,0
DA:60,0
DA:62,0
DA:63,0
DA:64,0
DA:68,0
DA:77,0
DA:83,0
DA:90,0
DA:91,0
DA:95,0
DA:102,0
DA:103,0
DA:105,0
DA:108,0
DA:109,0
DA:110,0
DA:116,0
DA:118,0
DA:125,0
DA:132,0
DA:133,0
DA:136,0
DA:137,0
DA:139,0
DA:146,0
DA:148,0
DA:149,0
DA:156,0
DA:157,0
DA:158,0
DA:160,0
DA:161,0
DA:167,0
DA:168,0
DA:171,0
LF:56
LH:0
BRDA:17,0,0,0
BRDA:21,1,0,0
BRDA:22,2,0,0
BRDA:23,3,0,0
BRDA:24,4,0,0
BRDA:28,5,0,0
BRDA:41,6,0,0
BRDA:41,7,0,0
BRDA:41,7,1,0
BRDA:51,8,0,0
BRDA:62,9,0,0
BRDA:108,10,0,0
BRDA:116,11,0,0
BRDA:116,11,1,0
BRDA:136,12,0,0
BRF:15
BRH:0
end_of_record
TN:
SF:src\utils\image-url-validator.ts
FN:28,isValidImageUrl
FN:40,(anonymous_9)
FN:58,sanitizeImageUrl
FN:72,isLikelyBrokenSupabaseUrl
FN:84,(anonymous_12)
FN:93,sanitizeImageUrls
FN:94,(anonymous_14)
FN:102,validateImageUrlAsync
FN:122,getImageInfo
FN:142,getImageExtension
FN:143,(anonymous_18)
FN:152,extractDomain
FN:167,sanitizePlayerImages
FN:187,(anonymous_21)
FNF:14
FNH:0
FNDA:0,isValidImageUrl
FNDA:0,(anonymous_9)
FNDA:0,sanitizeImageUrl
FNDA:0,isLikelyBrokenSupabaseUrl
FNDA:0,(anonymous_12)
FNDA:0,sanitizeImageUrls
FNDA:0,(anonymous_14)
FNDA:0,validateImageUrlAsync
FNDA:0,getImageInfo
FNDA:0,getImageExtension
FNDA:0,(anonymous_18)
FNDA:0,extractDomain
FNDA:0,sanitizePlayerImages
FNDA:0,(anonymous_21)
DA:9,0
DA:19,0
DA:28,0
DA:29,0
DA:32,0
DA:35,0
DA:36,0
DA:40,0
DA:41,0
DA:45,0
DA:46,0
DA:49,0
DA:58,0
DA:59,0
DA:60,0
DA:61,0
DA:64,0
DA:72,0
DA:73,0
DA:76,0
DA:84,0
DA:93,0
DA:94,0
DA:102,0
DA:103,0
DA:105,0
DA:106,0
DA:110,0
DA:112,0
DA:113,0
DA:122,0
DA:123,0
DA:125,0
DA:143,0
DA:144,0
DA:153,0
DA:154,0
DA:155,0
DA:156,0
DA:158,0
DA:167,0
DA:168,0
DA:170,0
DA:173,0
DA:174,0
DA:177,0
DA:178,0
DA:182,0
DA:183,0
DA:186,0
DA:187,0
DA:193,0
LF:52
LH:0
BRDA:29,0,0,0
BRDA:29,1,0,0
BRDA:29,1,1,0
BRDA:35,2,0,0
BRDA:35,3,0,0
BRDA:35,3,1,0
BRDA:35,3,2,0
BRDA:35,3,3,0
BRDA:40,4,0,0
BRDA:45,5,0,0
BRDA:45,6,0,0
BRDA:45,6,1,0
BRDA:45,6,2,0
BRDA:58,7,0,0
BRDA:59,8,0,0
BRDA:73,9,0,0
BRDA:93,10,0,0
BRDA:103,11,0,0
BRDA:144,12,0,0
BRDA:144,12,1,0
BRDA:154,13,0,0
BRDA:154,14,0,0
BRDA:154,14,1,0
BRDA:168,15,0,0
BRDA:173,16,0,0
BRDA:177,17,0,0
BRDA:182,18,0,0
BRDA:182,19,0,0
BRDA:182,19,1,0
BRDA:186,20,0,0
BRDA:186,21,0,0
BRDA:186,21,1,0
BRF:32
BRH:0
end_of_record
TN:
SF:src\utils\image-utils.ts
FN:13,validateImageFile
FN:79,formatFileSize
FN:92,generateUniqueFileName
FN:101,createImagePreview
FN:102,(anonymous_27)
FN:105,(anonymous_28)
FN:113,(anonymous_29)
FN:124,showUploadSuccessMessage
FN:148,showUploadErrorMessage
FN:173,(anonymous_32)
FN:174,(anonymous_33)
FN:179,(anonymous_34)
FN:199,(anonymous_35)
FN:219,(anonymous_36)
FN:220,(anonymous_37)
FN:225,(anonymous_38)
FN:232,(anonymous_39)
FN:252,(anonymous_40)
FN:253,(anonymous_41)
FN:256,(anonymous_42)
FN:257,(anonymous_43)
FN:272,(anonymous_44)
FN:287,(anonymous_45)
FN:350,(anonymous_46)
FN:428,(anonymous_47)
FN:451,(anonymous_48)
FN:452,(anonymous_49)
FN:455,(anonymous_50)
FN:467,(anonymous_51)
FN:477,(anonymous_52)
FN:492,(anonymous_53)
FN:501,(anonymous_54)
FN:525,(anonymous_55)
FNF:33
FNH:0
FNDA:0,validateImageFile
FNDA:0,formatFileSize
FNDA:0,generateUniqueFileName
FNDA:0,createImagePreview
FNDA:0,(anonymous_27)
FNDA:0,(anonymous_28)
FNDA:0,(anonymous_29)
FNDA:0,showUploadSuccessMessage
FNDA:0,showUploadErrorMessage
FNDA:0,(anonymous_32)
FNDA:0,(anonymous_33)
FNDA:0,(anonymous_34)
FNDA:0,(anonymous_35)
FNDA:0,(anonymous_36)
FNDA:0,(anonymous_37)
FNDA:0,(anonymous_38)
FNDA:0,(anonymous_39)
FNDA:0,(anonymous_40)
FNDA:0,(anonymous_41)
FNDA:0,(anonymous_42)
FNDA:0,(anonymous_43)
FNDA:0,(anonymous_44)
FNDA:0,(anonymous_45)
FNDA:0,(anonymous_46)
FNDA:0,(anonymous_47)
FNDA:0,(anonymous_48)
FNDA:0,(anonymous_49)
FNDA:0,(anonymous_50)
FNDA:0,(anonymous_51)
FNDA:0,(anonymous_52)
FNDA:0,(anonymous_53)
FNDA:0,(anonymous_54)
FNDA:0,(anonymous_55)
DA:1,0
DA:4,0
DA:7,0
DA:8,0
DA:13,0
DA:15,0
DA:16,0
DA:20,0
DA:21,0
DA:23,0
DA:24,0
DA:26,0
DA:43,0
DA:47,0
DA:48,0
DA:49,0
DA:51,0
DA:53,0
DA:70,0
DA:73,0
DA:79,0
DA:80,0
DA:82,0
DA:83,0
DA:84,0
DA:86,0
DA:92,0
DA:93,0
DA:94,0
DA:95,0
DA:101,0
DA:102,0
DA:103,0
DA:105,0
DA:106,0
DA:107,0
DA:109,0
DA:113,0
DA:114,0
DA:117,0
DA:124,0
DA:125,0
DA:131,0
DA:133,0
DA:137,0
DA:148,0
DA:149,0
DA:151,0
DA:173,0
DA:174,0
DA:175,0
DA:176,0
DA:177,0
DA:179,0
DA:181,0
DA:182,0
DA:184,0
DA:187,0
DA:188,0
DA:189,0
DA:190,0
DA:193,0
DA:194,0
DA:197,0
DA:199,0
DA:200,0
DA:201,0
DA:205,0
DA:207,0
DA:212,0
DA:219,0
DA:220,0
DA:221,0
DA:222,0
DA:223,0
DA:225,0
DA:226,0
DA:227,0
DA:229,0
DA:232,0
DA:233,0
DA:234,0
DA:235,0
DA:236,0
DA:238,0
DA:242,0
DA:244,0
DA:245,0
DA:252,0
DA:253,0
DA:254,0
DA:256,0
DA:257,0
DA:258,0
DA:259,0
DA:261,0
DA:265,0
DA:272,0
DA:273,0
DA:274,0
DA:276,0
DA:277,0
DA:280,0
DA:281,0
DA:287,0
DA:288,0
DA:291,0
DA:292,0
DA:294,0
DA:296,0
DA:301,0
DA:302,0
DA:303,0
DA:304,0
DA:306,0
DA:309,0
DA:311,0
DA:317,0
DA:318,0
DA:319,0
DA:320,0
DA:325,0
DA:326,0
DA:328,0
DA:329,0
DA:330,0
DA:332,0
DA:336,0
DA:337,0
DA:338,0
DA:344,0
DA:350,0
DA:354,0
DA:355,0
DA:359,0
DA:360,0
DA:361,0
DA:364,0
DA:366,0
DA:368,0
DA:369,0
DA:371,0
DA:374,0
DA:375,0
DA:377,0
DA:381,0
DA:385,0
DA:386,0
DA:387,0
DA:388,0
DA:389,0
DA:393,0
DA:398,0
DA:401,0
DA:402,0
DA:408,0
DA:409,0
DA:410,0
DA:411,0
DA:415,0
DA:417,0
DA:418,0
DA:422,0
DA:428,0
DA:429,0
DA:430,0
DA:433,0
DA:434,0
DA:436,0
DA:439,0
DA:441,0
DA:444,0
DA:451,0
DA:452,0
DA:453,0
DA:455,0
DA:456,0
DA:458,0
DA:459,0
DA:460,0
DA:467,0
DA:468,0
DA:469,0
DA:471,0
DA:477,0
DA:478,0
DA:479,0
DA:480,0
DA:482,0
DA:483,0
DA:485,0
DA:492,0
DA:493,0
DA:494,0
DA:495,0
DA:501,0
DA:505,0
DA:507,0
DA:514,0
DA:515,0
DA:516,0
DA:519,0
DA:525,0
DA:526,0
DA:528,0
DA:529,0
DA:530,0
DA:531,0
DA:533,0
LF:209
LH:0
BRDA:15,0,0,0
BRDA:23,1,0,0
BRDA:23,2,0,0
BRDA:23,2,1,0
BRDA:47,3,0,0
BRDA:80,4,0,0
BRDA:94,5,0,0
BRDA:94,5,1,0
BRDA:106,6,0,0
BRDA:106,6,1,0
BRDA:133,7,0,0
BRDA:133,7,1,0
BRDA:173,8,0,0
BRDA:187,9,0,0
BRDA:187,10,0,0
BRDA:187,10,1,0
BRDA:200,11,0,0
BRDA:200,11,1,0
BRDA:219,12,0,0
BRDA:233,13,0,0
BRDA:233,13,1,0
BRDA:258,14,0,0
BRDA:258,14,1,0
BRDA:272,15,0,0
BRDA:287,16,0,0
BRDA:288,17,0,0
BRDA:291,18,0,0
BRDA:291,19,0,0
BRDA:291,19,1,0
BRDA:294,20,0,0
BRDA:294,21,0,0
BRDA:294,21,1,0
BRDA:294,21,2,0
BRDA:294,21,3,0
BRDA:301,22,0,0
BRDA:304,23,0,0
BRDA:309,24,0,0
BRDA:309,25,0,0
BRDA:309,25,1,0
BRDA:318,26,0,0
BRDA:318,27,0,0
BRDA:318,27,1,0
BRDA:320,28,0,0
BRDA:326,29,0,0
BRDA:326,30,0,0
BRDA:326,30,1,0
BRDA:328,31,0,0
BRDA:328,31,1,0
BRDA:328,32,0,0
BRDA:328,32,1,0
BRDA:330,33,0,0
BRDA:330,34,0,0
BRDA:330,34,1,0
BRDA:330,34,2,0
BRDA:330,34,3,0
BRDA:336,35,0,0
BRDA:338,36,0,0
BRDA:352,37,0,0
BRDA:354,38,0,0
BRDA:359,39,0,0
BRDA:361,40,0,0
BRDA:364,41,0,0
BRDA:364,42,0,0
BRDA:364,42,1,0
BRDA:364,42,2,0
BRDA:364,42,3,0
BRDA:368,43,0,0
BRDA:374,44,0,0
BRDA:374,45,0,0
BRDA:374,45,1,0
BRDA:385,46,0,0
BRDA:388,47,0,0
BRDA:393,48,0,0
BRDA:393,48,1,0
BRDA:410,49,0,0
BRDA:410,50,0,0
BRDA:410,50,1,0
BRDA:429,51,0,0
BRDA:436,52,0,0
BRDA:436,52,1,0
BRDA:436,52,2,0
BRDA:436,52,3,0
BRDA:436,52,4,0
BRDA:468,53,0,0
BRDA:468,54,0,0
BRDA:468,54,1,0
BRDA:482,55,0,0
BRDA:482,55,1,0
BRDA:503,56,0,0
BRDA:505,57,0,0
BRDA:514,58,0,0
BRDA:528,59,0,0
BRDA:528,59,1,0
BRDA:530,60,0,0
BRDA:530,60,1,0
BRF:95
BRH:0
end_of_record
TN:
SF:src\utils\player-organization.ts
FN:30,getPlayerOrganization
FN:102,getAccountTypeFromPlayer
FN:122,debugPlayerOrganization
FN:141,(anonymous_8)
FN:156,normalizePlayerData
FNF:5
FNH:0
FNDA:0,getPlayerOrganization
FNDA:0,getAccountTypeFromPlayer
FNDA:0,debugPlayerOrganization
FNDA:0,(anonymous_8)
FNDA:0,normalizePlayerData
DA:30,0
DA:31,0
DA:43,0
DA:44,0
DA:45,0
DA:46,0
DA:55,0
DA:56,0
DA:57,0
DA:58,0
DA:67,0
DA:68,0
DA:69,0
DA:70,0
DA:79,0
DA:80,0
DA:81,0
DA:82,0
DA:90,0
DA:91,0
DA:102,0
DA:103,0
DA:105,0
DA:107,0
DA:109,0
DA:111,0
DA:113,0
DA:115,0
DA:122,0
DA:123,0
DA:124,0
DA:126,0
DA:127,0
DA:129,0
DA:130,0
DA:141,0
DA:142,0
DA:143,0
DA:145,0
DA:149,0
DA:150,0
DA:156,0
DA:157,0
DA:160,0
DA:161,0
DA:165,0
DA:166,0
DA:170,0
DA:171,0
DA:175,0
DA:176,0
DA:179,0
DA:184,0
LF:53
LH:0
BRDA:43,0,0,0
BRDA:43,0,1,0
BRDA:44,1,0,0
BRDA:55,2,0,0
BRDA:55,2,1,0
BRDA:56,3,0,0
BRDA:67,4,0,0
BRDA:67,4,1,0
BRDA:68,5,0,0
BRDA:79,6,0,0
BRDA:79,6,1,0
BRDA:80,7,0,0
BRDA:105,8,0,0
BRDA:105,8,1,0
BRDA:105,8,2,0
BRDA:105,8,3,0
BRDA:105,8,4,0
BRDA:142,9,0,0
BRDA:142,9,1,0
BRDA:160,10,0,0
BRDA:160,11,0,0
BRDA:160,11,1,0
BRDA:165,12,0,0
BRDA:165,13,0,0
BRDA:165,13,1,0
BRDA:170,14,0,0
BRDA:170,15,0,0
BRDA:170,15,1,0
BRDA:175,16,0,0
BRDA:175,17,0,0
BRDA:175,17,1,0
BRF:31
BRH:0
end_of_record
